mode: set
open-btm.com/common/common.go:27.174,31.15 2 0
open-btm.com/common/common.go:31.15,33.3 1 0
open-btm.com/common/common.go:35.2,37.15 3 0
open-btm.com/common/common.go:37.15,40.3 2 0
open-btm.com/common/common.go:41.2,43.29 2 0
open-btm.com/common/common.go:43.29,45.20 2 0
open-btm.com/common/common.go:45.20,47.4 1 0
open-btm.com/common/common.go:47.9,49.4 1 0
open-btm.com/common/common.go:50.3,50.33 1 0
open-btm.com/common/common.go:54.2,55.30 2 0
open-btm.com/common/common.go:55.30,56.16 1 0
open-btm.com/common/common.go:56.16,57.21 1 0
open-btm.com/common/common.go:57.21,60.5 1 0
open-btm.com/common/common.go:60.10,63.5 1 0
open-btm.com/common/common.go:65.4,65.21 1 0
open-btm.com/common/common.go:66.9,67.21 1 0
open-btm.com/common/common.go:67.21,70.5 1 0
open-btm.com/common/common.go:70.10,72.5 1 0
open-btm.com/common/common.go:74.4,74.31 1 0
open-btm.com/common/common.go:76.3,76.27 1 0
open-btm.com/common/common.go:78.2,91.41 5 0
open-btm.com/common/common.go:94.183,95.15 1 0
open-btm.com/common/common.go:95.15,97.3 1 0
open-btm.com/common/common.go:98.2,100.15 3 0
open-btm.com/common/common.go:100.15,103.3 2 0
open-btm.com/common/common.go:105.2,107.29 2 0
open-btm.com/common/common.go:107.29,109.20 2 0
open-btm.com/common/common.go:109.20,111.4 1 0
open-btm.com/common/common.go:111.9,113.4 1 0
open-btm.com/common/common.go:114.3,114.33 1 0
open-btm.com/common/common.go:118.2,119.30 2 0
open-btm.com/common/common.go:119.30,120.16 1 0
open-btm.com/common/common.go:120.16,121.21 1 0
open-btm.com/common/common.go:121.21,123.5 1 0
open-btm.com/common/common.go:123.10,125.5 1 0
open-btm.com/common/common.go:126.4,126.21 1 0
open-btm.com/common/common.go:127.9,128.21 1 0
open-btm.com/common/common.go:128.21,130.5 1 0
open-btm.com/common/common.go:130.10,132.5 1 0
open-btm.com/common/common.go:134.4,134.31 1 0
open-btm.com/common/common.go:136.3,136.27 1 0
open-btm.com/common/common.go:139.2,151.41 5 0
open-btm.com/common/common.go:155.89,156.15 1 0
open-btm.com/common/common.go:156.15,158.3 1 0
open-btm.com/common/common.go:159.2,161.15 3 0
open-btm.com/common/common.go:161.15,164.3 2 0
open-btm.com/common/common.go:166.2,168.29 2 0
open-btm.com/common/common.go:168.29,170.20 2 0
open-btm.com/common/common.go:170.20,172.4 1 0
open-btm.com/common/common.go:172.9,174.4 1 0
open-btm.com/common/common.go:175.3,175.33 1 0
open-btm.com/common/common.go:179.2,180.30 2 0
open-btm.com/common/common.go:180.30,181.16 1 0
open-btm.com/common/common.go:181.16,182.21 1 0
open-btm.com/common/common.go:182.21,184.5 1 0
open-btm.com/common/common.go:184.10,186.5 1 0
open-btm.com/common/common.go:187.4,187.21 1 0
open-btm.com/common/common.go:188.9,189.21 1 0
open-btm.com/common/common.go:189.21,191.5 1 0
open-btm.com/common/common.go:191.10,193.5 1 0
open-btm.com/common/common.go:195.4,195.31 1 0
open-btm.com/common/common.go:197.3,197.27 1 0
open-btm.com/common/common.go:200.2,212.41 5 0
open-btm.com/database/database.go:22.32,25.17 2 0
open-btm.com/database/database.go:25.17,27.3 1 0
open-btm.com/database/database.go:28.2,28.20 1 0
open-btm.com/database/database.go:31.40,57.17 9 0
open-btm.com/database/database.go:58.18,68.17 2 0
open-btm.com/database/database.go:68.17,69.14 1 0
open-btm.com/database/database.go:72.3,73.17 2 0
open-btm.com/database/database.go:73.17,76.4 2 0
open-btm.com/database/database.go:77.3,80.17 3 0
open-btm.com/database/database.go:81.16,90.17 3 0
open-btm.com/database/database.go:90.17,93.4 2 0
open-btm.com/database/database.go:94.3,96.17 3 0
open-btm.com/database/database.go:97.15,112.17 3 0
open-btm.com/database/database.go:112.17,115.4 2 0
open-btm.com/database/database.go:116.3,118.17 3 0
open-btm.com/database/database.go:119.10,120.87 1 0
open-btm.com/database/database.go:121.10,122.87 1 0
open-btm.com/database/database.go:126.2,127.23 2 0
open-btm.com/database/database.go:130.61,156.17 9 0
open-btm.com/database/database.go:157.18,168.17 3 0
open-btm.com/database/database.go:168.17,169.14 1 0
open-btm.com/database/database.go:172.3,173.17 2 0
open-btm.com/database/database.go:173.17,176.4 2 0
open-btm.com/database/database.go:177.3,180.17 3 0
open-btm.com/database/database.go:181.16,191.17 4 0
open-btm.com/database/database.go:191.17,194.4 2 0
open-btm.com/database/database.go:195.3,197.17 3 0
open-btm.com/database/database.go:198.15,214.17 4 0
open-btm.com/database/database.go:214.17,217.4 2 0
open-btm.com/database/database.go:218.3,220.17 3 0
open-btm.com/database/database.go:221.10,222.64 1 0
open-btm.com/database/database.go:223.10,224.64 1 0
open-btm.com/database/database.go:228.2,229.23 2 0
open-btm.com/database/database.go:233.50,237.17 2 0
open-btm.com/database/database.go:238.18,247.17 2 0
open-btm.com/database/database.go:247.17,249.4 1 0
open-btm.com/database/database.go:251.3,252.19 2 0
open-btm.com/database/database.go:253.16,260.17 2 0
open-btm.com/database/database.go:260.17,262.4 1 0
open-btm.com/database/database.go:263.3,264.19 2 0
open-btm.com/database/database.go:265.15,277.17 2 0
open-btm.com/database/database.go:277.17,279.4 1 0
open-btm.com/database/database.go:281.3,282.19 2 0
open-btm.com/database/database.go:283.10,284.80 1 0
open-btm.com/database/database.go:285.10,286.64 1 0
open-btm.com/main.go:5.13,7.2 1 0
open-btm.com/configs/configs.go:27.38,31.40 2 0
open-btm.com/configs/configs.go:31.40,33.3 1 0
open-btm.com/configs/configs.go:34.2,35.46 2 0
open-btm.com/configs/configs.go:35.46,37.3 1 0
open-btm.com/configs/configs.go:40.28,47.16 4 0
open-btm.com/configs/configs.go:47.16,49.3 1 0
open-btm.com/configs/configs.go:49.8,51.3 1 0
open-btm.com/configs/configs.go:55.2,56.35 2 0
open-btm.com/configs/configs.go:56.35,58.3 1 0
open-btm.com/configs/configs.go:60.2,60.22 1 0
open-btm.com/configs/configs.go:60.22,62.3 1 0
open-btm.com/configs/configs.go:63.2,64.16 2 0
open-btm.com/configs/configs.go:64.16,66.3 1 0
open-btm.com/configs/configs.go:66.8,68.3 1 0
open-btm.com/configs/configs.go:71.44,73.2 1 0
open-btm.com/configs/configs.go:75.40,80.40 2 0
open-btm.com/configs/configs.go:80.40,82.3 1 0
open-btm.com/configs/configs.go:83.2,84.46 2 0
open-btm.com/configs/configs.go:84.46,86.3 1 0
open-btm.com/configs/configs.go:89.43,95.2 2 0
open-btm.com/configs/configs.go:97.67,98.38 1 0
open-btm.com/configs/configs.go:98.38,100.3 1 0
open-btm.com/configs/configs.go:102.2,102.21 1 0
open-btm.com/graph/model/models_gen.go:148.37,149.11 1 0
open-btm.com/graph/model/models_gen.go:150.81,151.14 1 0
open-btm.com/graph/model/models_gen.go:153.2,153.14 1 0
open-btm.com/graph/model/models_gen.go:156.38,158.2 1 0
open-btm.com/graph/model/models_gen.go:160.57,162.9 2 0
open-btm.com/graph/model/models_gen.go:162.9,164.3 1 0
open-btm.com/graph/model/models_gen.go:166.2,167.18 2 0
open-btm.com/graph/model/models_gen.go:167.18,169.3 1 0
open-btm.com/graph/model/models_gen.go:170.2,170.12 1 0
open-btm.com/graph/model/models_gen.go:173.46,175.2 1 0
open-btm.com/graph/model/models_gen.go:197.35,198.11 1 0
open-btm.com/graph/model/models_gen.go:199.105,200.14 1 0
open-btm.com/graph/model/models_gen.go:202.2,202.14 1 0
open-btm.com/graph/model/models_gen.go:205.36,207.2 1 0
open-btm.com/graph/model/models_gen.go:209.55,211.9 2 0
open-btm.com/graph/model/models_gen.go:211.9,213.3 1 0
open-btm.com/graph/model/models_gen.go:215.2,216.18 2 0
open-btm.com/graph/model/models_gen.go:216.18,218.3 1 0
open-btm.com/graph/model/models_gen.go:219.2,219.12 1 0
open-btm.com/graph/model/models_gen.go:222.44,224.2 1 0
open-btm.com/graph/model/models_gen.go:242.34,243.11 1 0
open-btm.com/graph/model/models_gen.go:244.67,245.14 1 0
open-btm.com/graph/model/models_gen.go:247.2,247.14 1 0
open-btm.com/graph/model/models_gen.go:250.35,252.2 1 0
open-btm.com/graph/model/models_gen.go:254.54,256.9 2 0
open-btm.com/graph/model/models_gen.go:256.9,258.3 1 0
open-btm.com/graph/model/models_gen.go:260.2,261.18 2 0
open-btm.com/graph/model/models_gen.go:261.18,263.3 1 0
open-btm.com/graph/model/models_gen.go:264.2,264.12 1 0
open-btm.com/graph/model/models_gen.go:267.43,269.2 1 0
open-btm.com/observe/tracer.go:25.44,44.86 8 0
open-btm.com/observe/tracer.go:44.86,50.41 2 0
open-btm.com/observe/tracer.go:51.17,58.37 3 0
open-btm.com/observe/tracer.go:61.2,61.11 1 0
open-btm.com/observe/tracer.go:64.91,75.2 4 0
open-btm.com/messages/connection.go:12.78,24.16 4 0
open-btm.com/messages/connection.go:24.16,26.3 1 0
open-btm.com/messages/connection.go:31.2,32.16 2 0
open-btm.com/messages/connection.go:32.16,34.3 1 0
open-btm.com/messages/connection.go:38.2,47.16 2 0
open-btm.com/messages/connection.go:47.16,51.3 3 0
open-btm.com/messages/connection.go:52.2,52.33 1 0
open-btm.com/messages/consumer.go:27.40,34.15 3 0
open-btm.com/messages/consumer.go:34.15,35.59 1 0
open-btm.com/messages/consumer.go:35.59,37.4 1 0
open-btm.com/messages/consumer.go:41.2,42.16 2 0
open-btm.com/messages/consumer.go:42.16,45.3 2 0
open-btm.com/messages/consumer.go:46.2,63.16 4 0
open-btm.com/messages/consumer.go:63.16,66.3 2 0
open-btm.com/messages/consumer.go:70.2,70.36 1 0
open-btm.com/messages/consumer.go:70.36,73.25 2 0
open-btm.com/messages/consumer.go:73.25,76.20 1 0
open-btm.com/messages/consumer.go:77.21,80.19 3 0
open-btm.com/messages/consumer.go:80.19,83.11 3 0
open-btm.com/messages/consumer.go:85.5,85.18 1 0
open-btm.com/messages/consumer.go:86.19,90.19 3 0
open-btm.com/messages/consumer.go:90.19,92.6 1 0
open-btm.com/messages/consumer.go:95.5,108.81 4 0
open-btm.com/messages/consumer.go:108.81,110.8 1 0
open-btm.com/messages/consumer.go:115.5,116.20 2 0
open-btm.com/messages/consumer.go:116.20,118.6 1 0
open-btm.com/messages/consumer.go:121.5,127.19 5 0
open-btm.com/messages/consumer.go:127.19,135.11 7 0
open-btm.com/messages/consumer.go:138.5,143.15 6 0
open-btm.com/messages/consumer.go:145.12,146.37 1 0
open-btm.com/messages/consumer.go:151.2,152.9 2 0
open-btm.com/messages/publishers.go:12.81,35.16 6 0
open-btm.com/messages/publishers.go:35.16,38.3 2 0
open-btm.com/messages/publishers.go:39.2,39.12 1 0
open-btm.com/models/init.go:11.21,13.23 2 0
open-btm.com/models/init.go:13.23,15.3 1 0
open-btm.com/models/init.go:17.2,19.16 3 0
open-btm.com/models/init.go:19.16,23.17 1 0
open-btm.com/models/init.go:23.17,25.4 1 0
open-btm.com/models/init.go:26.3,26.35 1 0
open-btm.com/models/init.go:27.8,28.13 1 0
open-btm.com/models/init.go:32.45,36.16 4 0
open-btm.com/models/init.go:36.16,44.17 1 0
open-btm.com/models/init.go:44.17,46.4 1 0
open-btm.com/models/init.go:47.3,47.52 1 0
open-btm.com/models/init.go:48.8,49.13 1 0
open-btm.com/models/init.go:53.22,60.16 5 0
open-btm.com/models/init.go:60.16,62.33 2 0
open-btm.com/models/init.go:62.33,64.18 2 0
open-btm.com/models/init.go:64.18,73.5 1 0
open-btm.com/models/init.go:77.3,82.34 3 0
open-btm.com/models/init.go:83.8,84.13 1 0
open-btm.com/models/project.go:26.63,33.2 6 0
open-btm.com/models/users.go:63.38,67.78 1 0
open-btm.com/models/users.go:67.78,69.5 1 0
open-btm.com/models/users.go:74.79,85.16 5 0
open-btm.com/models/users.go:85.16,87.3 1 0
open-btm.com/models/users.go:90.2,91.16 2 0
open-btm.com/models/users.go:91.16,93.3 1 0
open-btm.com/models/users.go:94.2,95.28 2 0
open-btm.com/models/users.go:95.28,96.44 1 0
open-btm.com/models/users.go:96.44,98.4 1 0
open-btm.com/models/users.go:102.2,106.16 3 0
open-btm.com/models/users.go:106.16,108.3 1 0
open-btm.com/models/users.go:109.2,113.16 3 0
open-btm.com/models/users.go:113.16,115.3 1 0
open-btm.com/models/users.go:118.2,119.59 2 0
open-btm.com/models/users.go:119.59,121.3 1 0
open-btm.com/models/users.go:123.2,127.16 3 0
open-btm.com/models/users.go:127.16,129.3 1 0
open-btm.com/models/users.go:132.2,133.16 2 0
open-btm.com/models/users.go:133.16,135.3 1 0
open-btm.com/models/users.go:137.2,137.28 1 0
open-btm.com/models/users.go:140.78,155.16 6 0
open-btm.com/models/users.go:155.16,157.3 1 0
open-btm.com/models/users.go:158.2,159.28 2 0
open-btm.com/models/users.go:159.28,160.44 1 0
open-btm.com/models/users.go:160.44,162.4 1 0
open-btm.com/models/users.go:166.2,170.16 3 0
open-btm.com/models/users.go:170.16,172.3 1 0
open-btm.com/models/users.go:173.2,177.16 3 0
open-btm.com/models/users.go:177.16,179.3 1 0
open-btm.com/models/users.go:182.2,183.16 2 0
open-btm.com/models/users.go:183.16,185.3 1 0
open-btm.com/models/users.go:187.2,187.27 1 0
open-btm.com/models/users.go:190.73,205.16 6 0
open-btm.com/models/users.go:205.16,207.3 1 0
open-btm.com/models/users.go:208.2,209.28 2 0
open-btm.com/models/users.go:209.28,210.44 1 0
open-btm.com/models/users.go:210.44,212.4 1 0
open-btm.com/models/users.go:216.2,220.16 3 0
open-btm.com/models/users.go:220.16,222.3 1 0
open-btm.com/models/users.go:223.2,227.16 3 0
open-btm.com/models/users.go:227.16,229.3 1 0
open-btm.com/models/users.go:232.2,233.16 2 0
open-btm.com/models/users.go:233.16,235.3 1 0
open-btm.com/models/users.go:237.2,237.28 1 0
open-btm.com/models/users.go:240.92,249.16 4 0
open-btm.com/models/users.go:249.16,251.3 1 0
open-btm.com/models/users.go:254.2,255.16 2 0
open-btm.com/models/users.go:255.16,257.3 1 0
open-btm.com/models/users.go:258.2,259.28 2 0
open-btm.com/models/users.go:259.28,260.44 1 0
open-btm.com/models/users.go:260.44,262.4 1 0
open-btm.com/models/users.go:266.2,270.16 3 0
open-btm.com/models/users.go:270.16,272.3 1 0
open-btm.com/models/users.go:273.2,275.53 2 0
open-btm.com/models/users.go:275.53,277.3 1 0
open-btm.com/models/users.go:279.2,279.61 1 0
open-btm.com/models/users.go:282.90,295.16 5 0
open-btm.com/models/users.go:295.16,297.3 1 0
open-btm.com/models/users.go:300.2,301.16 2 0
open-btm.com/models/users.go:301.16,303.3 1 0
open-btm.com/models/users.go:304.2,305.28 2 0
open-btm.com/models/users.go:305.28,306.44 1 0
open-btm.com/models/users.go:306.44,308.4 1 0
open-btm.com/models/users.go:312.2,316.16 3 0
open-btm.com/models/users.go:316.16,318.3 1 0
open-btm.com/models/users.go:319.2,321.53 2 0
open-btm.com/models/users.go:321.53,323.3 1 0
open-btm.com/models/users.go:324.2,324.61 1 0
open-btm.com/models/users.go:327.66,337.16 5 0
open-btm.com/models/users.go:337.16,339.3 1 0
open-btm.com/models/users.go:340.2,341.28 2 0
open-btm.com/models/users.go:341.28,342.44 1 0
open-btm.com/models/users.go:342.44,344.4 1 0
open-btm.com/models/users.go:348.2,352.16 3 0
open-btm.com/models/users.go:352.16,354.3 1 0
open-btm.com/models/users.go:355.2,357.53 2 0
open-btm.com/models/users.go:357.53,359.3 1 0
open-btm.com/models/users.go:361.2,361.61 1 0
open-btm.com/models/users.go:364.64,378.16 5 0
open-btm.com/models/users.go:378.16,380.3 1 0
open-btm.com/models/users.go:381.2,382.28 2 0
open-btm.com/models/users.go:382.28,383.44 1 0
open-btm.com/models/users.go:383.44,385.4 1 0
open-btm.com/models/users.go:389.2,393.16 3 0
open-btm.com/models/users.go:393.16,395.3 1 0
open-btm.com/models/users.go:396.2,400.16 3 0
open-btm.com/models/users.go:400.16,402.3 1 0
open-btm.com/models/users.go:405.2,406.16 2 0
open-btm.com/models/users.go:406.16,408.3 1 0
open-btm.com/models/users.go:411.2,411.30 1 0
open-btm.com/models/users.go:414.91,423.16 4 0
open-btm.com/models/users.go:423.16,425.3 1 0
open-btm.com/models/users.go:426.2,427.28 2 0
open-btm.com/models/users.go:427.28,428.44 1 0
open-btm.com/models/users.go:428.44,430.4 1 0
open-btm.com/models/users.go:434.2,438.16 3 0
open-btm.com/models/users.go:438.16,440.3 1 0
open-btm.com/models/users.go:441.2,443.53 2 0
open-btm.com/models/users.go:443.53,445.3 1 0
open-btm.com/models/users.go:447.2,447.61 1 0
open-btm.com/models/users.go:450.77,460.16 5 0
open-btm.com/models/users.go:460.16,462.3 1 0
open-btm.com/models/users.go:463.2,464.28 2 0
open-btm.com/models/users.go:464.28,465.44 1 0
open-btm.com/models/users.go:465.44,467.4 1 0
open-btm.com/models/users.go:471.2,475.16 3 0
open-btm.com/models/users.go:475.16,477.3 1 0
open-btm.com/models/users.go:478.2,480.53 2 0
open-btm.com/models/users.go:480.53,482.3 1 0
open-btm.com/models/users.go:484.2,484.61 1 0
open-btm.com/models/users.go:487.82,497.16 5 0
open-btm.com/models/users.go:497.16,499.3 1 0
open-btm.com/models/users.go:500.2,501.28 2 0
open-btm.com/models/users.go:501.28,502.44 1 0
open-btm.com/models/users.go:502.44,504.4 1 0
open-btm.com/models/users.go:508.2,512.16 3 0
open-btm.com/models/users.go:512.16,514.3 1 0
open-btm.com/models/users.go:515.2,517.53 2 0
open-btm.com/models/users.go:517.53,519.3 1 0
open-btm.com/models/users.go:521.2,521.61 1 0
open-btm.com/models/users.go:524.61,539.16 6 0
open-btm.com/models/users.go:539.16,541.3 1 0
open-btm.com/models/users.go:542.2,543.28 2 0
open-btm.com/models/users.go:543.28,544.44 1 0
open-btm.com/models/users.go:544.44,546.4 1 0
open-btm.com/models/users.go:550.2,554.16 3 0
open-btm.com/models/users.go:554.16,556.3 1 0
open-btm.com/models/users.go:557.2,561.16 3 0
open-btm.com/models/users.go:561.16,563.3 1 0
open-btm.com/models/users.go:566.2,567.16 2 0
open-btm.com/models/users.go:567.16,569.3 1 0
open-btm.com/models/users.go:571.2,571.27 1 0
open-btm.com/models/users.go:577.38,596.16 7 0
open-btm.com/models/users.go:596.16,598.3 1 0
open-btm.com/models/users.go:601.2,606.16 3 0
open-btm.com/models/users.go:606.16,608.3 1 0
open-btm.com/models/users.go:609.2,612.16 3 0
open-btm.com/models/users.go:612.16,615.3 2 0
open-btm.com/models/users.go:616.2,620.16 3 0
open-btm.com/models/users.go:620.16,622.3 1 0
open-btm.com/models/users.go:624.2,625.59 2 0
open-btm.com/models/users.go:625.59,627.3 1 0
open-btm.com/models/users.go:629.2,630.9 2 0
open-btm.com/models/users.go:630.9,632.3 1 0
open-btm.com/models/users.go:634.2,635.26 2 0
open-btm.com/models/users.go:638.93,660.16 6 0
open-btm.com/models/users.go:660.16,662.3 1 0
open-btm.com/models/users.go:665.2,666.16 2 0
open-btm.com/models/users.go:666.16,668.3 1 0
open-btm.com/models/users.go:669.2,672.16 3 0
open-btm.com/models/users.go:672.16,674.3 1 0
open-btm.com/models/users.go:675.2,679.16 3 0
open-btm.com/models/users.go:679.16,681.3 1 0
open-btm.com/models/users.go:684.2,685.16 2 0
open-btm.com/models/users.go:685.16,687.3 1 0
open-btm.com/models/users.go:689.2,689.27 1 0
open-btm.com/models/users.go:696.56,710.16 5 0
open-btm.com/models/users.go:710.16,712.3 1 0
open-btm.com/models/users.go:713.2,714.28 2 0
open-btm.com/models/users.go:714.28,715.44 1 0
open-btm.com/models/users.go:715.44,717.4 1 0
open-btm.com/models/users.go:721.2,725.16 3 0
open-btm.com/models/users.go:725.16,727.3 1 0
open-btm.com/models/users.go:728.2,732.16 3 0
open-btm.com/models/users.go:732.16,734.3 1 0
open-btm.com/models/users.go:737.2,738.59 2 0
open-btm.com/models/users.go:738.59,740.3 1 0
open-btm.com/models/users.go:743.2,744.16 2 0
open-btm.com/models/users.go:744.16,746.3 1 0
open-btm.com/models/users.go:749.2,750.16 2 0
open-btm.com/models/users.go:750.16,752.3 1 0
open-btm.com/models/users.go:755.2,755.27 1 0
open-btm.com/models/users.go:758.56,760.16 2 0
open-btm.com/models/users.go:760.16,762.3 1 0
open-btm.com/models/users.go:764.2,769.106 5 0
open-btm.com/models/users.go:769.106,771.3 1 0
open-btm.com/models/users.go:772.2,772.106 1 0
open-btm.com/models/users.go:772.106,774.3 1 0
open-btm.com/models/users.go:776.2,776.32 1 0
open-btm.com/models/users.go:776.32,778.3 1 0
open-btm.com/models/users.go:781.2,781.20 1 0
open-btm.com/models/users.go:781.20,782.21 1 0
open-btm.com/models/users.go:782.21,784.4 1 0
open-btm.com/models/users.go:785.3,785.25 1 0
open-btm.com/models/users.go:787.2,787.24 1 0
open-btm.com/graph/directive.go:22.121,24.9 2 0
open-btm.com/graph/directive.go:24.9,26.3 1 0
open-btm.com/graph/directive.go:29.2,30.29 2 0
open-btm.com/graph/directive.go:30.29,31.24 1 0
open-btm.com/graph/directive.go:31.24,33.9 2 0
open-btm.com/graph/directive.go:37.2,37.18 1 0
open-btm.com/graph/directive.go:37.18,39.3 1 0
open-btm.com/graph/directive.go:41.2,41.18 1 0
open-btm.com/graph/generated.go:25.63,32.2 1 0
open-btm.com/graph/generated.go:187.49,188.21 1 0
open-btm.com/graph/generated.go:188.21,190.3 1 0
open-btm.com/graph/generated.go:191.2,191.21 1 0
open-btm.com/graph/generated.go:194.128,197.32 3 0
open-btm.com/graph/generated.go:199.18,200.35 1 0
open-btm.com/graph/generated.go:200.35,201.9 1 0
open-btm.com/graph/generated.go:204.3,204.54 1 0
open-btm.com/graph/generated.go:206.33,207.49 1 0
open-btm.com/graph/generated.go:207.49,208.9 1 0
open-btm.com/graph/generated.go:211.3,211.68 1 0
open-btm.com/graph/generated.go:213.26,214.42 1 0
open-btm.com/graph/generated.go:214.42,215.9 1 0
open-btm.com/graph/generated.go:218.3,218.61 1 0
open-btm.com/graph/generated.go:220.28,221.44 1 0
open-btm.com/graph/generated.go:221.44,222.9 1 0
open-btm.com/graph/generated.go:225.3,225.63 1 0
open-btm.com/graph/generated.go:227.30,228.47 1 0
open-btm.com/graph/generated.go:228.47,229.9 1 0
open-btm.com/graph/generated.go:232.3,233.17 2 0
open-btm.com/graph/generated.go:233.17,235.4 1 0
open-btm.com/graph/generated.go:237.3,237.106 1 0
open-btm.com/graph/generated.go:239.41,240.58 1 0
open-btm.com/graph/generated.go:240.58,241.9 1 0
open-btm.com/graph/generated.go:244.3,245.17 2 0
open-btm.com/graph/generated.go:245.17,247.4 1 0
open-btm.com/graph/generated.go:249.3,249.134 1 0
open-btm.com/graph/generated.go:251.36,252.53 1 0
open-btm.com/graph/generated.go:252.53,253.9 1 0
open-btm.com/graph/generated.go:256.3,257.17 2 0
open-btm.com/graph/generated.go:257.17,259.4 1 0
open-btm.com/graph/generated.go:261.3,261.118 1 0
open-btm.com/graph/generated.go:263.42,264.59 1 0
open-btm.com/graph/generated.go:264.59,265.9 1 0
open-btm.com/graph/generated.go:268.3,269.17 2 0
open-btm.com/graph/generated.go:269.17,271.4 1 0
open-btm.com/graph/generated.go:273.3,273.135 1 0
open-btm.com/graph/generated.go:275.31,276.48 1 0
open-btm.com/graph/generated.go:276.48,277.9 1 0
open-btm.com/graph/generated.go:280.3,281.17 2 0
open-btm.com/graph/generated.go:281.17,283.4 1 0
open-btm.com/graph/generated.go:285.3,285.108 1 0
open-btm.com/graph/generated.go:287.29,288.46 1 0
open-btm.com/graph/generated.go:288.46,289.9 1 0
open-btm.com/graph/generated.go:292.3,293.17 2 0
open-btm.com/graph/generated.go:293.17,295.4 1 0
open-btm.com/graph/generated.go:297.3,297.104 1 0
open-btm.com/graph/generated.go:299.32,300.49 1 0
open-btm.com/graph/generated.go:300.49,301.9 1 0
open-btm.com/graph/generated.go:304.3,305.17 2 0
open-btm.com/graph/generated.go:305.17,307.4 1 0
open-btm.com/graph/generated.go:309.3,309.110 1 0
open-btm.com/graph/generated.go:311.36,312.53 1 0
open-btm.com/graph/generated.go:312.53,313.9 1 0
open-btm.com/graph/generated.go:316.3,317.17 2 0
open-btm.com/graph/generated.go:317.17,319.4 1 0
open-btm.com/graph/generated.go:321.3,321.123 1 0
open-btm.com/graph/generated.go:323.30,324.47 1 0
open-btm.com/graph/generated.go:324.47,325.9 1 0
open-btm.com/graph/generated.go:328.3,329.17 2 0
open-btm.com/graph/generated.go:329.17,331.4 1 0
open-btm.com/graph/generated.go:333.3,333.85 1 0
open-btm.com/graph/generated.go:335.41,336.58 1 0
open-btm.com/graph/generated.go:336.58,337.9 1 0
open-btm.com/graph/generated.go:340.3,341.17 2 0
open-btm.com/graph/generated.go:341.17,343.4 1 0
open-btm.com/graph/generated.go:345.3,345.134 1 0
open-btm.com/graph/generated.go:347.36,348.53 1 0
open-btm.com/graph/generated.go:348.53,349.9 1 0
open-btm.com/graph/generated.go:352.3,353.17 2 0
open-btm.com/graph/generated.go:353.17,355.4 1 0
open-btm.com/graph/generated.go:357.3,357.91 1 0
open-btm.com/graph/generated.go:359.42,360.59 1 0
open-btm.com/graph/generated.go:360.59,361.9 1 0
open-btm.com/graph/generated.go:364.3,365.17 2 0
open-btm.com/graph/generated.go:365.17,367.4 1 0
open-btm.com/graph/generated.go:369.3,369.135 1 0
open-btm.com/graph/generated.go:371.31,372.48 1 0
open-btm.com/graph/generated.go:372.48,373.9 1 0
open-btm.com/graph/generated.go:376.3,377.17 2 0
open-btm.com/graph/generated.go:377.17,379.4 1 0
open-btm.com/graph/generated.go:381.3,381.86 1 0
open-btm.com/graph/generated.go:383.29,384.46 1 0
open-btm.com/graph/generated.go:384.46,385.9 1 0
open-btm.com/graph/generated.go:388.3,389.17 2 0
open-btm.com/graph/generated.go:389.17,391.4 1 0
open-btm.com/graph/generated.go:393.3,393.84 1 0
open-btm.com/graph/generated.go:395.32,396.49 1 0
open-btm.com/graph/generated.go:396.49,397.9 1 0
open-btm.com/graph/generated.go:400.3,401.17 2 0
open-btm.com/graph/generated.go:401.17,403.4 1 0
open-btm.com/graph/generated.go:405.3,405.87 1 0
open-btm.com/graph/generated.go:407.36,408.53 1 0
open-btm.com/graph/generated.go:408.53,409.9 1 0
open-btm.com/graph/generated.go:412.3,413.17 2 0
open-btm.com/graph/generated.go:413.17,415.4 1 0
open-btm.com/graph/generated.go:417.3,417.123 1 0
open-btm.com/graph/generated.go:419.30,420.47 1 0
open-btm.com/graph/generated.go:420.47,421.9 1 0
open-btm.com/graph/generated.go:424.3,425.17 2 0
open-btm.com/graph/generated.go:425.17,427.4 1 0
open-btm.com/graph/generated.go:429.3,429.106 1 0
open-btm.com/graph/generated.go:431.36,432.53 1 0
open-btm.com/graph/generated.go:432.53,433.9 1 0
open-btm.com/graph/generated.go:436.3,437.17 2 0
open-btm.com/graph/generated.go:437.17,439.4 1 0
open-btm.com/graph/generated.go:441.3,441.118 1 0
open-btm.com/graph/generated.go:443.31,444.48 1 0
open-btm.com/graph/generated.go:444.48,445.9 1 0
open-btm.com/graph/generated.go:448.3,449.17 2 0
open-btm.com/graph/generated.go:449.17,451.4 1 0
open-btm.com/graph/generated.go:453.3,453.108 1 0
open-btm.com/graph/generated.go:455.29,456.46 1 0
open-btm.com/graph/generated.go:456.46,457.9 1 0
open-btm.com/graph/generated.go:460.3,461.17 2 0
open-btm.com/graph/generated.go:461.17,463.4 1 0
open-btm.com/graph/generated.go:465.3,465.104 1 0
open-btm.com/graph/generated.go:467.32,468.49 1 0
open-btm.com/graph/generated.go:468.49,469.9 1 0
open-btm.com/graph/generated.go:472.3,473.17 2 0
open-btm.com/graph/generated.go:473.17,475.4 1 0
open-btm.com/graph/generated.go:477.3,477.110 1 0
open-btm.com/graph/generated.go:479.36,480.53 1 0
open-btm.com/graph/generated.go:480.53,481.9 1 0
open-btm.com/graph/generated.go:484.3,485.17 2 0
open-btm.com/graph/generated.go:485.17,487.4 1 0
open-btm.com/graph/generated.go:489.3,489.118 1 0
open-btm.com/graph/generated.go:491.21,492.38 1 0
open-btm.com/graph/generated.go:492.38,493.9 1 0
open-btm.com/graph/generated.go:496.3,497.17 2 0
open-btm.com/graph/generated.go:497.17,499.4 1 0
open-btm.com/graph/generated.go:501.3,501.76 1 0
open-btm.com/graph/generated.go:503.22,504.39 1 0
open-btm.com/graph/generated.go:504.39,505.9 1 0
open-btm.com/graph/generated.go:508.3,509.17 2 0
open-btm.com/graph/generated.go:509.17,511.4 1 0
open-btm.com/graph/generated.go:513.3,513.100 1 0
open-btm.com/graph/generated.go:515.27,516.44 1 0
open-btm.com/graph/generated.go:516.44,517.9 1 0
open-btm.com/graph/generated.go:520.3,521.17 2 0
open-btm.com/graph/generated.go:521.17,523.4 1 0
open-btm.com/graph/generated.go:525.3,525.82 1 0
open-btm.com/graph/generated.go:527.28,528.45 1 0
open-btm.com/graph/generated.go:528.45,529.9 1 0
open-btm.com/graph/generated.go:532.3,533.17 2 0
open-btm.com/graph/generated.go:533.17,535.4 1 0
open-btm.com/graph/generated.go:537.3,537.106 1 0
open-btm.com/graph/generated.go:539.22,540.39 1 0
open-btm.com/graph/generated.go:540.39,541.9 1 0
open-btm.com/graph/generated.go:544.3,545.17 2 0
open-btm.com/graph/generated.go:545.17,547.4 1 0
open-btm.com/graph/generated.go:549.3,549.77 1 0
open-btm.com/graph/generated.go:551.34,552.51 1 0
open-btm.com/graph/generated.go:552.51,553.9 1 0
open-btm.com/graph/generated.go:556.3,557.17 2 0
open-btm.com/graph/generated.go:557.17,559.4 1 0
open-btm.com/graph/generated.go:561.3,561.169 1 0
open-btm.com/graph/generated.go:563.23,564.40 1 0
open-btm.com/graph/generated.go:564.40,565.9 1 0
open-btm.com/graph/generated.go:568.3,569.17 2 0
open-btm.com/graph/generated.go:569.17,571.4 1 0
open-btm.com/graph/generated.go:573.3,573.101 1 0
open-btm.com/graph/generated.go:575.20,576.37 1 0
open-btm.com/graph/generated.go:576.37,577.9 1 0
open-btm.com/graph/generated.go:580.3,581.17 2 0
open-btm.com/graph/generated.go:581.17,583.4 1 0
open-btm.com/graph/generated.go:585.3,585.75 1 0
open-btm.com/graph/generated.go:587.21,588.38 1 0
open-btm.com/graph/generated.go:588.38,589.9 1 0
open-btm.com/graph/generated.go:592.3,593.17 2 0
open-btm.com/graph/generated.go:593.17,595.4 1 0
open-btm.com/graph/generated.go:597.3,597.99 1 0
open-btm.com/graph/generated.go:599.23,600.40 1 0
open-btm.com/graph/generated.go:600.40,601.9 1 0
open-btm.com/graph/generated.go:604.3,605.17 2 0
open-btm.com/graph/generated.go:605.17,607.4 1 0
open-btm.com/graph/generated.go:609.3,609.78 1 0
open-btm.com/graph/generated.go:611.24,612.41 1 0
open-btm.com/graph/generated.go:612.41,613.9 1 0
open-btm.com/graph/generated.go:616.3,617.17 2 0
open-btm.com/graph/generated.go:617.17,619.4 1 0
open-btm.com/graph/generated.go:621.3,621.102 1 0
open-btm.com/graph/generated.go:623.28,624.45 1 0
open-btm.com/graph/generated.go:624.45,625.9 1 0
open-btm.com/graph/generated.go:628.3,629.17 2 0
open-btm.com/graph/generated.go:629.17,631.4 1 0
open-btm.com/graph/generated.go:633.3,633.157 1 0
open-btm.com/graph/generated.go:635.27,636.44 1 0
open-btm.com/graph/generated.go:636.44,637.9 1 0
open-btm.com/graph/generated.go:640.3,641.17 2 0
open-btm.com/graph/generated.go:641.17,643.4 1 0
open-btm.com/graph/generated.go:645.3,645.82 1 0
open-btm.com/graph/generated.go:647.33,648.50 1 0
open-btm.com/graph/generated.go:648.50,649.9 1 0
open-btm.com/graph/generated.go:652.3,653.17 2 0
open-btm.com/graph/generated.go:653.17,655.4 1 0
open-btm.com/graph/generated.go:657.3,657.168 1 0
open-btm.com/graph/generated.go:659.28,660.45 1 0
open-btm.com/graph/generated.go:660.45,661.9 1 0
open-btm.com/graph/generated.go:664.3,665.17 2 0
open-btm.com/graph/generated.go:665.17,667.4 1 0
open-btm.com/graph/generated.go:669.3,669.106 1 0
open-btm.com/graph/generated.go:671.33,672.50 1 0
open-btm.com/graph/generated.go:672.50,673.9 1 0
open-btm.com/graph/generated.go:676.3,676.69 1 0
open-btm.com/graph/generated.go:678.24,679.41 1 0
open-btm.com/graph/generated.go:679.41,680.9 1 0
open-btm.com/graph/generated.go:683.3,683.60 1 0
open-btm.com/graph/generated.go:685.26,686.43 1 0
open-btm.com/graph/generated.go:686.43,687.9 1 0
open-btm.com/graph/generated.go:690.3,690.62 1 0
open-btm.com/graph/generated.go:692.31,693.47 1 0
open-btm.com/graph/generated.go:693.47,694.9 1 0
open-btm.com/graph/generated.go:697.3,697.66 1 0
open-btm.com/graph/generated.go:699.28,700.45 1 0
open-btm.com/graph/generated.go:700.45,701.9 1 0
open-btm.com/graph/generated.go:704.3,704.64 1 0
open-btm.com/graph/generated.go:706.19,707.36 1 0
open-btm.com/graph/generated.go:707.36,708.9 1 0
open-btm.com/graph/generated.go:711.3,711.55 1 0
open-btm.com/graph/generated.go:713.21,714.38 1 0
open-btm.com/graph/generated.go:714.38,715.9 1 0
open-btm.com/graph/generated.go:718.3,718.57 1 0
open-btm.com/graph/generated.go:720.30,721.46 1 0
open-btm.com/graph/generated.go:721.46,722.9 1 0
open-btm.com/graph/generated.go:725.3,725.65 1 0
open-btm.com/graph/generated.go:727.17,728.34 1 0
open-btm.com/graph/generated.go:728.34,729.9 1 0
open-btm.com/graph/generated.go:732.3,732.53 1 0
open-btm.com/graph/generated.go:734.19,735.36 1 0
open-btm.com/graph/generated.go:735.36,736.9 1 0
open-btm.com/graph/generated.go:739.3,739.55 1 0
open-btm.com/graph/generated.go:741.29,742.45 1 0
open-btm.com/graph/generated.go:742.45,743.9 1 0
open-btm.com/graph/generated.go:746.3,746.64 1 0
open-btm.com/graph/generated.go:748.20,749.37 1 0
open-btm.com/graph/generated.go:749.37,750.9 1 0
open-btm.com/graph/generated.go:753.3,753.56 1 0
open-btm.com/graph/generated.go:755.24,756.41 1 0
open-btm.com/graph/generated.go:756.41,757.9 1 0
open-btm.com/graph/generated.go:760.3,760.60 1 0
open-btm.com/graph/generated.go:762.25,763.42 1 0
open-btm.com/graph/generated.go:763.42,764.9 1 0
open-btm.com/graph/generated.go:767.3,767.61 1 0
open-btm.com/graph/generated.go:769.32,770.48 1 0
open-btm.com/graph/generated.go:770.48,771.9 1 0
open-btm.com/graph/generated.go:774.3,774.67 1 0
open-btm.com/graph/generated.go:776.31,777.48 1 0
open-btm.com/graph/generated.go:777.48,778.9 1 0
open-btm.com/graph/generated.go:781.3,781.67 1 0
open-btm.com/graph/generated.go:783.29,784.45 1 0
open-btm.com/graph/generated.go:784.45,785.9 1 0
open-btm.com/graph/generated.go:788.3,788.64 1 0
open-btm.com/graph/generated.go:790.32,791.48 1 0
open-btm.com/graph/generated.go:791.48,792.9 1 0
open-btm.com/graph/generated.go:795.3,795.67 1 0
open-btm.com/graph/generated.go:797.29,798.46 1 0
open-btm.com/graph/generated.go:798.46,799.9 1 0
open-btm.com/graph/generated.go:802.3,802.65 1 0
open-btm.com/graph/generated.go:804.20,805.37 1 0
open-btm.com/graph/generated.go:805.37,806.9 1 0
open-btm.com/graph/generated.go:809.3,809.56 1 0
open-btm.com/graph/generated.go:811.22,812.39 1 0
open-btm.com/graph/generated.go:812.39,813.9 1 0
open-btm.com/graph/generated.go:816.3,816.58 1 0
open-btm.com/graph/generated.go:819.2,819.17 1 0
open-btm.com/graph/generated.go:822.78,841.32 5 0
open-btm.com/graph/generated.go:842.17,843.54 1 0
open-btm.com/graph/generated.go:843.54,846.13 3 0
open-btm.com/graph/generated.go:846.13,850.5 3 0
open-btm.com/graph/generated.go:850.10,851.50 1 0
open-btm.com/graph/generated.go:851.50,858.6 6 0
open-btm.com/graph/generated.go:858.11,860.6 1 0
open-btm.com/graph/generated.go:862.4,865.42 4 0
open-btm.com/graph/generated.go:865.42,868.5 2 0
open-btm.com/graph/generated.go:870.4,870.20 1 0
open-btm.com/graph/generated.go:872.20,873.54 1 0
open-btm.com/graph/generated.go:873.54,874.14 1 0
open-btm.com/graph/generated.go:874.14,876.5 1 0
open-btm.com/graph/generated.go:877.4,885.5 6 0
open-btm.com/graph/generated.go:888.10,889.86 1 0
open-btm.com/graph/generated.go:901.76,903.12 2 0
open-btm.com/graph/generated.go:903.12,913.31 4 0
open-btm.com/graph/generated.go:913.31,915.4 1 0
open-btm.com/graph/generated.go:916.3,916.27 1 0
open-btm.com/graph/generated.go:920.79,921.29 1 0
open-btm.com/graph/generated.go:921.29,923.3 1 0
open-btm.com/graph/generated.go:924.2,924.51 1 0
open-btm.com/graph/generated.go:927.86,928.29 1 0
open-btm.com/graph/generated.go:928.29,930.3 1 0
open-btm.com/graph/generated.go:931.2,931.81 1 0
open-btm.com/graph/generated.go:937.41,939.16 2 0
open-btm.com/graph/generated.go:939.16,940.68 1 0
open-btm.com/graph/generated.go:942.2,942.21 1 0
open-btm.com/graph/generated.go:954.131,958.37 4 0
open-btm.com/graph/generated.go:958.37,961.17 3 0
open-btm.com/graph/generated.go:961.17,963.4 1 0
open-btm.com/graph/generated.go:965.2,966.18 2 0
open-btm.com/graph/generated.go:969.146,973.37 4 0
open-btm.com/graph/generated.go:973.37,976.17 3 0
open-btm.com/graph/generated.go:976.17,978.4 1 0
open-btm.com/graph/generated.go:980.2,981.18 2 0
open-btm.com/graph/generated.go:984.157,988.40 4 0
open-btm.com/graph/generated.go:988.40,991.17 3 0
open-btm.com/graph/generated.go:991.17,993.4 1 0
open-btm.com/graph/generated.go:995.2,997.47 3 0
open-btm.com/graph/generated.go:997.47,1000.17 3 0
open-btm.com/graph/generated.go:1000.17,1002.4 1 0
open-btm.com/graph/generated.go:1004.2,1005.18 2 0
open-btm.com/graph/generated.go:1008.152,1012.37 4 0
open-btm.com/graph/generated.go:1012.37,1015.17 3 0
open-btm.com/graph/generated.go:1015.17,1017.4 1 0
open-btm.com/graph/generated.go:1019.2,1020.18 2 0
open-btm.com/graph/generated.go:1023.158,1027.46 4 0
open-btm.com/graph/generated.go:1027.46,1030.17 3 0
open-btm.com/graph/generated.go:1030.17,1032.4 1 0
open-btm.com/graph/generated.go:1034.2,1036.41 3 0
open-btm.com/graph/generated.go:1036.41,1039.17 3 0
open-btm.com/graph/generated.go:1039.17,1041.4 1 0
open-btm.com/graph/generated.go:1043.2,1044.18 2 0
open-btm.com/graph/generated.go:1047.147,1051.37 4 0
open-btm.com/graph/generated.go:1051.37,1054.17 3 0
open-btm.com/graph/generated.go:1054.17,1056.4 1 0
open-btm.com/graph/generated.go:1058.2,1059.18 2 0
open-btm.com/graph/generated.go:1062.145,1066.37 4 0
open-btm.com/graph/generated.go:1066.37,1069.17 3 0
open-btm.com/graph/generated.go:1069.17,1071.4 1 0
open-btm.com/graph/generated.go:1073.2,1074.18 2 0
open-btm.com/graph/generated.go:1077.148,1081.37 4 0
open-btm.com/graph/generated.go:1081.37,1084.17 3 0
open-btm.com/graph/generated.go:1084.17,1086.4 1 0
open-btm.com/graph/generated.go:1088.2,1089.18 2 0
open-btm.com/graph/generated.go:1092.152,1096.39 4 0
open-btm.com/graph/generated.go:1096.39,1099.17 3 0
open-btm.com/graph/generated.go:1099.17,1101.4 1 0
open-btm.com/graph/generated.go:1103.2,1105.42 3 0
open-btm.com/graph/generated.go:1105.42,1108.17 3 0
open-btm.com/graph/generated.go:1108.17,1110.4 1 0
open-btm.com/graph/generated.go:1112.2,1113.18 2 0
open-btm.com/graph/generated.go:1116.146,1120.34 4 0
open-btm.com/graph/generated.go:1120.34,1123.17 3 0
open-btm.com/graph/generated.go:1123.17,1125.4 1 0
open-btm.com/graph/generated.go:1127.2,1128.18 2 0
open-btm.com/graph/generated.go:1131.157,1135.40 4 0
open-btm.com/graph/generated.go:1135.40,1138.17 3 0
open-btm.com/graph/generated.go:1138.17,1140.4 1 0
open-btm.com/graph/generated.go:1142.2,1144.47 3 0
open-btm.com/graph/generated.go:1144.47,1147.17 3 0
open-btm.com/graph/generated.go:1147.17,1149.4 1 0
open-btm.com/graph/generated.go:1151.2,1152.18 2 0
open-btm.com/graph/generated.go:1155.152,1159.34 4 0
open-btm.com/graph/generated.go:1159.34,1162.17 3 0
open-btm.com/graph/generated.go:1162.17,1164.4 1 0
open-btm.com/graph/generated.go:1166.2,1167.18 2 0
open-btm.com/graph/generated.go:1170.158,1174.46 4 0
open-btm.com/graph/generated.go:1174.46,1177.17 3 0
open-btm.com/graph/generated.go:1177.17,1179.4 1 0
open-btm.com/graph/generated.go:1181.2,1183.41 3 0
open-btm.com/graph/generated.go:1183.41,1186.17 3 0
open-btm.com/graph/generated.go:1186.17,1188.4 1 0
open-btm.com/graph/generated.go:1190.2,1191.18 2 0
open-btm.com/graph/generated.go:1194.147,1198.34 4 0
open-btm.com/graph/generated.go:1198.34,1201.17 3 0
open-btm.com/graph/generated.go:1201.17,1203.4 1 0
open-btm.com/graph/generated.go:1205.2,1206.18 2 0
open-btm.com/graph/generated.go:1209.145,1213.34 4 0
open-btm.com/graph/generated.go:1213.34,1216.17 3 0
open-btm.com/graph/generated.go:1216.17,1218.4 1 0
open-btm.com/graph/generated.go:1220.2,1221.18 2 0
open-btm.com/graph/generated.go:1224.148,1228.34 4 0
open-btm.com/graph/generated.go:1228.34,1231.17 3 0
open-btm.com/graph/generated.go:1231.17,1233.4 1 0
open-btm.com/graph/generated.go:1235.2,1236.18 2 0
open-btm.com/graph/generated.go:1239.152,1243.39 4 0
open-btm.com/graph/generated.go:1243.39,1246.17 3 0
open-btm.com/graph/generated.go:1246.17,1248.4 1 0
open-btm.com/graph/generated.go:1250.2,1252.42 3 0
open-btm.com/graph/generated.go:1252.42,1255.17 3 0
open-btm.com/graph/generated.go:1255.17,1257.4 1 0
open-btm.com/graph/generated.go:1259.2,1260.18 2 0
open-btm.com/graph/generated.go:1263.146,1267.37 4 0
open-btm.com/graph/generated.go:1267.37,1270.17 3 0
open-btm.com/graph/generated.go:1270.17,1272.4 1 0
open-btm.com/graph/generated.go:1274.2,1275.18 2 0
open-btm.com/graph/generated.go:1278.152,1282.37 4 0
open-btm.com/graph/generated.go:1282.37,1285.17 3 0
open-btm.com/graph/generated.go:1285.17,1287.4 1 0
open-btm.com/graph/generated.go:1289.2,1290.18 2 0
open-btm.com/graph/generated.go:1293.147,1297.37 4 0
open-btm.com/graph/generated.go:1297.37,1300.17 3 0
open-btm.com/graph/generated.go:1300.17,1302.4 1 0
open-btm.com/graph/generated.go:1304.2,1305.18 2 0
open-btm.com/graph/generated.go:1308.145,1312.37 4 0
open-btm.com/graph/generated.go:1312.37,1315.17 3 0
open-btm.com/graph/generated.go:1315.17,1317.4 1 0
open-btm.com/graph/generated.go:1319.2,1320.18 2 0
open-btm.com/graph/generated.go:1323.148,1327.37 4 0
open-btm.com/graph/generated.go:1327.37,1330.17 3 0
open-btm.com/graph/generated.go:1330.17,1332.4 1 0
open-btm.com/graph/generated.go:1334.2,1335.18 2 0
open-btm.com/graph/generated.go:1338.152,1342.37 4 0
open-btm.com/graph/generated.go:1342.37,1345.17 3 0
open-btm.com/graph/generated.go:1345.17,1347.4 1 0
open-btm.com/graph/generated.go:1349.2,1350.18 2 0
open-btm.com/graph/generated.go:1353.138,1357.36 4 0
open-btm.com/graph/generated.go:1357.36,1360.17 3 0
open-btm.com/graph/generated.go:1360.17,1362.4 1 0
open-btm.com/graph/generated.go:1364.2,1365.18 2 0
open-btm.com/graph/generated.go:1368.137,1372.34 4 0
open-btm.com/graph/generated.go:1372.34,1375.17 3 0
open-btm.com/graph/generated.go:1375.17,1377.4 1 0
open-btm.com/graph/generated.go:1379.2,1380.18 2 0
open-btm.com/graph/generated.go:1383.138,1387.36 4 0
open-btm.com/graph/generated.go:1387.36,1390.17 3 0
open-btm.com/graph/generated.go:1390.17,1392.4 1 0
open-btm.com/graph/generated.go:1394.2,1396.36 3 0
open-btm.com/graph/generated.go:1396.36,1399.17 3 0
open-btm.com/graph/generated.go:1399.17,1401.4 1 0
open-btm.com/graph/generated.go:1403.2,1404.18 2 0
open-btm.com/graph/generated.go:1407.143,1411.34 4 0
open-btm.com/graph/generated.go:1411.34,1414.17 3 0
open-btm.com/graph/generated.go:1414.17,1416.4 1 0
open-btm.com/graph/generated.go:1418.2,1419.18 2 0
open-btm.com/graph/generated.go:1422.144,1426.36 4 0
open-btm.com/graph/generated.go:1426.36,1429.17 3 0
open-btm.com/graph/generated.go:1429.17,1431.4 1 0
open-btm.com/graph/generated.go:1433.2,1435.36 3 0
open-btm.com/graph/generated.go:1435.36,1438.17 3 0
open-btm.com/graph/generated.go:1438.17,1440.4 1 0
open-btm.com/graph/generated.go:1442.2,1443.18 2 0
open-btm.com/graph/generated.go:1446.138,1450.34 4 0
open-btm.com/graph/generated.go:1450.34,1453.17 3 0
open-btm.com/graph/generated.go:1453.17,1455.4 1 0
open-btm.com/graph/generated.go:1457.2,1458.18 2 0
open-btm.com/graph/generated.go:1461.150,1465.46 4 0
open-btm.com/graph/generated.go:1465.46,1468.17 3 0
open-btm.com/graph/generated.go:1468.17,1470.4 1 0
open-btm.com/graph/generated.go:1472.2,1474.41 3 0
open-btm.com/graph/generated.go:1474.41,1477.17 3 0
open-btm.com/graph/generated.go:1477.17,1479.4 1 0
open-btm.com/graph/generated.go:1481.2,1483.36 3 0
open-btm.com/graph/generated.go:1483.36,1486.17 3 0
open-btm.com/graph/generated.go:1486.17,1488.4 1 0
open-btm.com/graph/generated.go:1490.2,1492.36 3 0
open-btm.com/graph/generated.go:1492.36,1495.17 3 0
open-btm.com/graph/generated.go:1495.17,1497.4 1 0
open-btm.com/graph/generated.go:1499.2,1500.18 2 0
open-btm.com/graph/generated.go:1503.139,1507.36 4 0
open-btm.com/graph/generated.go:1507.36,1510.17 3 0
open-btm.com/graph/generated.go:1510.17,1512.4 1 0
open-btm.com/graph/generated.go:1514.2,1516.36 3 0
open-btm.com/graph/generated.go:1516.36,1519.17 3 0
open-btm.com/graph/generated.go:1519.17,1521.4 1 0
open-btm.com/graph/generated.go:1523.2,1524.18 2 0
open-btm.com/graph/generated.go:1527.136,1531.34 4 0
open-btm.com/graph/generated.go:1531.34,1534.17 3 0
open-btm.com/graph/generated.go:1534.17,1536.4 1 0
open-btm.com/graph/generated.go:1538.2,1539.18 2 0
open-btm.com/graph/generated.go:1542.137,1546.36 4 0
open-btm.com/graph/generated.go:1546.36,1549.17 3 0
open-btm.com/graph/generated.go:1549.17,1551.4 1 0
open-btm.com/graph/generated.go:1553.2,1555.36 3 0
open-btm.com/graph/generated.go:1555.36,1558.17 3 0
open-btm.com/graph/generated.go:1558.17,1560.4 1 0
open-btm.com/graph/generated.go:1562.2,1563.18 2 0
open-btm.com/graph/generated.go:1566.139,1570.34 4 0
open-btm.com/graph/generated.go:1570.34,1573.17 3 0
open-btm.com/graph/generated.go:1573.17,1575.4 1 0
open-btm.com/graph/generated.go:1577.2,1578.18 2 0
open-btm.com/graph/generated.go:1581.140,1585.36 4 0
open-btm.com/graph/generated.go:1585.36,1588.17 3 0
open-btm.com/graph/generated.go:1588.17,1590.4 1 0
open-btm.com/graph/generated.go:1592.2,1594.36 3 0
open-btm.com/graph/generated.go:1594.36,1597.17 3 0
open-btm.com/graph/generated.go:1597.17,1599.4 1 0
open-btm.com/graph/generated.go:1601.2,1602.18 2 0
open-btm.com/graph/generated.go:1605.144,1609.39 4 0
open-btm.com/graph/generated.go:1609.39,1612.17 3 0
open-btm.com/graph/generated.go:1612.17,1614.4 1 0
open-btm.com/graph/generated.go:1616.2,1618.42 3 0
open-btm.com/graph/generated.go:1618.42,1621.17 3 0
open-btm.com/graph/generated.go:1621.17,1623.4 1 0
open-btm.com/graph/generated.go:1625.2,1627.36 3 0
open-btm.com/graph/generated.go:1627.36,1630.17 3 0
open-btm.com/graph/generated.go:1630.17,1632.4 1 0
open-btm.com/graph/generated.go:1634.2,1636.36 3 0
open-btm.com/graph/generated.go:1636.36,1639.17 3 0
open-btm.com/graph/generated.go:1639.17,1641.4 1 0
open-btm.com/graph/generated.go:1643.2,1644.18 2 0
open-btm.com/graph/generated.go:1647.143,1651.34 4 0
open-btm.com/graph/generated.go:1651.34,1654.17 3 0
open-btm.com/graph/generated.go:1654.17,1656.4 1 0
open-btm.com/graph/generated.go:1658.2,1659.18 2 0
open-btm.com/graph/generated.go:1662.149,1666.40 4 0
open-btm.com/graph/generated.go:1666.40,1669.17 3 0
open-btm.com/graph/generated.go:1669.17,1671.4 1 0
open-btm.com/graph/generated.go:1673.2,1675.47 3 0
open-btm.com/graph/generated.go:1675.47,1678.17 3 0
open-btm.com/graph/generated.go:1678.17,1680.4 1 0
open-btm.com/graph/generated.go:1682.2,1684.36 3 0
open-btm.com/graph/generated.go:1684.36,1687.17 3 0
open-btm.com/graph/generated.go:1687.17,1689.4 1 0
open-btm.com/graph/generated.go:1691.2,1693.36 3 0
open-btm.com/graph/generated.go:1693.36,1696.17 3 0
open-btm.com/graph/generated.go:1696.17,1698.4 1 0
open-btm.com/graph/generated.go:1700.2,1701.18 2 0
open-btm.com/graph/generated.go:1704.144,1708.36 4 0
open-btm.com/graph/generated.go:1708.36,1711.17 3 0
open-btm.com/graph/generated.go:1711.17,1713.4 1 0
open-btm.com/graph/generated.go:1715.2,1717.36 3 0
open-btm.com/graph/generated.go:1717.36,1720.17 3 0
open-btm.com/graph/generated.go:1720.17,1722.4 1 0
open-btm.com/graph/generated.go:1724.2,1725.18 2 0
open-btm.com/graph/generated.go:1728.143,1732.49 4 0
open-btm.com/graph/generated.go:1732.49,1735.17 3 0
open-btm.com/graph/generated.go:1735.17,1737.4 1 0
open-btm.com/graph/generated.go:1739.2,1740.18 2 0
open-btm.com/graph/generated.go:1743.139,1747.49 4 0
open-btm.com/graph/generated.go:1747.49,1750.17 3 0
open-btm.com/graph/generated.go:1750.17,1752.4 1 0
open-btm.com/graph/generated.go:1754.2,1755.18 2 0
open-btm.com/graph/generated.go:1766.132,1768.16 2 0
open-btm.com/graph/generated.go:1768.16,1770.3 1 0
open-btm.com/graph/generated.go:1771.2,1772.15 2 0
open-btm.com/graph/generated.go:1772.15,1773.31 1 0
open-btm.com/graph/generated.go:1773.31,1776.4 2 0
open-btm.com/graph/generated.go:1778.2,1778.92 1 0
open-btm.com/graph/generated.go:1778.92,1781.3 2 0
open-btm.com/graph/generated.go:1782.2,1782.16 1 0
open-btm.com/graph/generated.go:1782.16,1785.3 2 0
open-btm.com/graph/generated.go:1786.2,1786.19 1 0
open-btm.com/graph/generated.go:1786.19,1787.38 1 0
open-btm.com/graph/generated.go:1787.38,1789.4 1 0
open-btm.com/graph/generated.go:1790.3,1790.22 1 0
open-btm.com/graph/generated.go:1792.2,1794.56 3 0
open-btm.com/graph/generated.go:1797.138,1803.97 1 0
open-btm.com/graph/generated.go:1803.97,1805.4 1 0
open-btm.com/graph/generated.go:1807.2,1807.16 1 0
open-btm.com/graph/generated.go:1810.140,1812.16 2 0
open-btm.com/graph/generated.go:1812.16,1814.3 1 0
open-btm.com/graph/generated.go:1815.2,1816.15 2 0
open-btm.com/graph/generated.go:1816.15,1817.31 1 0
open-btm.com/graph/generated.go:1817.31,1820.4 2 0
open-btm.com/graph/generated.go:1822.2,1822.92 1 0
open-btm.com/graph/generated.go:1822.92,1825.3 2 0
open-btm.com/graph/generated.go:1826.2,1826.16 1 0
open-btm.com/graph/generated.go:1826.16,1829.3 2 0
open-btm.com/graph/generated.go:1830.2,1830.19 1 0
open-btm.com/graph/generated.go:1830.19,1831.38 1 0
open-btm.com/graph/generated.go:1831.38,1833.4 1 0
open-btm.com/graph/generated.go:1834.3,1834.22 1 0
open-btm.com/graph/generated.go:1836.2,1838.61 3 0
open-btm.com/graph/generated.go:1841.146,1847.97 1 0
open-btm.com/graph/generated.go:1847.97,1849.4 1 0
open-btm.com/graph/generated.go:1851.2,1851.16 1 0
open-btm.com/graph/generated.go:1854.142,1856.16 2 0
open-btm.com/graph/generated.go:1856.16,1858.3 1 0
open-btm.com/graph/generated.go:1859.2,1860.15 2 0
open-btm.com/graph/generated.go:1860.15,1861.31 1 0
open-btm.com/graph/generated.go:1861.31,1864.4 2 0
open-btm.com/graph/generated.go:1866.2,1866.92 1 0
open-btm.com/graph/generated.go:1866.92,1869.3 2 0
open-btm.com/graph/generated.go:1870.2,1870.16 1 0
open-btm.com/graph/generated.go:1870.16,1873.3 2 0
open-btm.com/graph/generated.go:1874.2,1874.19 1 0
open-btm.com/graph/generated.go:1874.19,1875.38 1 0
open-btm.com/graph/generated.go:1875.38,1877.4 1 0
open-btm.com/graph/generated.go:1878.3,1878.22 1 0
open-btm.com/graph/generated.go:1880.2,1882.106 3 0
open-btm.com/graph/generated.go:1885.148,1891.97 1 0
open-btm.com/graph/generated.go:1891.97,1893.4 1 0
open-btm.com/graph/generated.go:1895.2,1895.16 1 0
open-btm.com/graph/generated.go:1898.147,1900.16 2 0
open-btm.com/graph/generated.go:1900.16,1902.3 1 0
open-btm.com/graph/generated.go:1903.2,1904.15 2 0
open-btm.com/graph/generated.go:1904.15,1905.31 1 0
open-btm.com/graph/generated.go:1905.31,1908.4 2 0
open-btm.com/graph/generated.go:1910.2,1910.92 1 0
open-btm.com/graph/generated.go:1910.92,1913.3 2 0
open-btm.com/graph/generated.go:1914.2,1914.16 1 0
open-btm.com/graph/generated.go:1914.16,1917.3 2 0
open-btm.com/graph/generated.go:1918.2,1918.19 1 0
open-btm.com/graph/generated.go:1918.19,1919.38 1 0
open-btm.com/graph/generated.go:1919.38,1921.4 1 0
open-btm.com/graph/generated.go:1922.3,1922.22 1 0
open-btm.com/graph/generated.go:1924.2,1926.61 3 0
open-btm.com/graph/generated.go:1929.153,1935.97 1 0
open-btm.com/graph/generated.go:1935.97,1937.4 1 0
open-btm.com/graph/generated.go:1939.2,1939.16 1 0
open-btm.com/graph/generated.go:1942.127,1944.16 2 0
open-btm.com/graph/generated.go:1944.16,1946.3 1 0
open-btm.com/graph/generated.go:1947.2,1948.15 2 0
open-btm.com/graph/generated.go:1948.15,1949.31 1 0
open-btm.com/graph/generated.go:1949.31,1952.4 2 0
open-btm.com/graph/generated.go:1954.2,1954.92 1 0
open-btm.com/graph/generated.go:1954.92,1957.3 2 0
open-btm.com/graph/generated.go:1958.2,1958.16 1 0
open-btm.com/graph/generated.go:1958.16,1961.3 2 0
open-btm.com/graph/generated.go:1962.2,1962.19 1 0
open-btm.com/graph/generated.go:1962.19,1963.38 1 0
open-btm.com/graph/generated.go:1963.38,1965.4 1 0
open-btm.com/graph/generated.go:1966.3,1966.22 1 0
open-btm.com/graph/generated.go:1968.2,1970.99 3 0
open-btm.com/graph/generated.go:1973.153,1979.97 1 0
open-btm.com/graph/generated.go:1979.97,1980.22 1 0
open-btm.com/graph/generated.go:1981.14,1982.49 1 0
open-btm.com/graph/generated.go:1983.16,1984.51 1 0
open-btm.com/graph/generated.go:1985.23,1986.58 1 0
open-btm.com/graph/generated.go:1988.4,1988.87 1 0
open-btm.com/graph/generated.go:1991.2,1991.15 1 0
open-btm.com/graph/generated.go:1991.15,1992.31 1 0
open-btm.com/graph/generated.go:1992.31,1995.4 2 0
open-btm.com/graph/generated.go:1997.2,1998.106 2 0
open-btm.com/graph/generated.go:1998.106,2001.3 2 0
open-btm.com/graph/generated.go:2002.2,2002.16 1 0
open-btm.com/graph/generated.go:2005.127,2007.16 2 0
open-btm.com/graph/generated.go:2007.16,2009.3 1 0
open-btm.com/graph/generated.go:2010.2,2011.15 2 0
open-btm.com/graph/generated.go:2011.15,2012.31 1 0
open-btm.com/graph/generated.go:2012.31,2015.4 2 0
open-btm.com/graph/generated.go:2017.2,2017.92 1 0
open-btm.com/graph/generated.go:2017.92,2020.3 2 0
open-btm.com/graph/generated.go:2021.2,2021.16 1 0
open-btm.com/graph/generated.go:2021.16,2024.3 2 0
open-btm.com/graph/generated.go:2025.2,2025.19 1 0
open-btm.com/graph/generated.go:2025.19,2026.38 1 0
open-btm.com/graph/generated.go:2026.38,2028.4 1 0
open-btm.com/graph/generated.go:2029.3,2029.22 1 0
open-btm.com/graph/generated.go:2031.2,2033.99 3 0
open-btm.com/graph/generated.go:2036.153,2042.97 1 0
open-btm.com/graph/generated.go:2042.97,2043.22 1 0
open-btm.com/graph/generated.go:2044.14,2045.49 1 0
open-btm.com/graph/generated.go:2046.16,2047.51 1 0
open-btm.com/graph/generated.go:2048.23,2049.58 1 0
open-btm.com/graph/generated.go:2051.4,2051.87 1 0
open-btm.com/graph/generated.go:2054.2,2054.15 1 0
open-btm.com/graph/generated.go:2054.15,2055.31 1 0
open-btm.com/graph/generated.go:2055.31,2058.4 2 0
open-btm.com/graph/generated.go:2060.2,2061.106 2 0
open-btm.com/graph/generated.go:2061.106,2064.3 2 0
open-btm.com/graph/generated.go:2065.2,2065.16 1 0
open-btm.com/graph/generated.go:2068.127,2070.16 2 0
open-btm.com/graph/generated.go:2070.16,2072.3 1 0
open-btm.com/graph/generated.go:2073.2,2074.15 2 0
open-btm.com/graph/generated.go:2074.15,2075.31 1 0
open-btm.com/graph/generated.go:2075.31,2078.4 2 0
open-btm.com/graph/generated.go:2080.2,2080.92 1 0
open-btm.com/graph/generated.go:2080.92,2083.3 2 0
open-btm.com/graph/generated.go:2084.2,2084.16 1 0
open-btm.com/graph/generated.go:2084.16,2087.3 2 0
open-btm.com/graph/generated.go:2088.2,2088.19 1 0
open-btm.com/graph/generated.go:2088.19,2089.38 1 0
open-btm.com/graph/generated.go:2089.38,2091.4 1 0
open-btm.com/graph/generated.go:2092.3,2092.22 1 0
open-btm.com/graph/generated.go:2094.2,2096.60 3 0
open-btm.com/graph/generated.go:2099.153,2105.97 1 0
open-btm.com/graph/generated.go:2105.97,2107.4 1 0
open-btm.com/graph/generated.go:2109.2,2109.15 1 0
open-btm.com/graph/generated.go:2109.15,2110.31 1 0
open-btm.com/graph/generated.go:2110.31,2113.4 2 0
open-btm.com/graph/generated.go:2115.2,2116.106 2 0
open-btm.com/graph/generated.go:2116.106,2119.3 2 0
open-btm.com/graph/generated.go:2120.2,2120.16 1 0
open-btm.com/graph/generated.go:2123.138,2125.16 2 0
open-btm.com/graph/generated.go:2125.16,2127.3 1 0
open-btm.com/graph/generated.go:2128.2,2129.15 2 0
open-btm.com/graph/generated.go:2129.15,2130.31 1 0
open-btm.com/graph/generated.go:2130.31,2133.4 2 0
open-btm.com/graph/generated.go:2135.2,2135.92 1 0
open-btm.com/graph/generated.go:2135.92,2138.3 2 0
open-btm.com/graph/generated.go:2139.2,2139.16 1 0
open-btm.com/graph/generated.go:2139.16,2142.3 2 0
open-btm.com/graph/generated.go:2143.2,2143.19 1 0
open-btm.com/graph/generated.go:2143.19,2144.38 1 0
open-btm.com/graph/generated.go:2144.38,2146.4 1 0
open-btm.com/graph/generated.go:2147.3,2147.22 1 0
open-btm.com/graph/generated.go:2149.2,2151.109 3 0
open-btm.com/graph/generated.go:2154.164,2160.97 1 0
open-btm.com/graph/generated.go:2160.97,2161.22 1 0
open-btm.com/graph/generated.go:2162.14,2163.54 1 0
open-btm.com/graph/generated.go:2164.16,2165.56 1 0
open-btm.com/graph/generated.go:2166.23,2167.63 1 0
open-btm.com/graph/generated.go:2168.21,2169.61 1 0
open-btm.com/graph/generated.go:2171.4,2171.92 1 0
open-btm.com/graph/generated.go:2174.2,2174.15 1 0
open-btm.com/graph/generated.go:2174.15,2175.31 1 0
open-btm.com/graph/generated.go:2175.31,2178.4 2 0
open-btm.com/graph/generated.go:2180.2,2181.117 2 0
open-btm.com/graph/generated.go:2181.117,2184.3 2 0
open-btm.com/graph/generated.go:2185.2,2185.16 1 0
open-btm.com/graph/generated.go:2188.138,2190.16 2 0
open-btm.com/graph/generated.go:2190.16,2192.3 1 0
open-btm.com/graph/generated.go:2193.2,2194.15 2 0
open-btm.com/graph/generated.go:2194.15,2195.31 1 0
open-btm.com/graph/generated.go:2195.31,2198.4 2 0
open-btm.com/graph/generated.go:2200.2,2200.92 1 0
open-btm.com/graph/generated.go:2200.92,2203.3 2 0
open-btm.com/graph/generated.go:2204.2,2204.16 1 0
open-btm.com/graph/generated.go:2204.16,2207.3 2 0
open-btm.com/graph/generated.go:2208.2,2208.19 1 0
open-btm.com/graph/generated.go:2208.19,2209.38 1 0
open-btm.com/graph/generated.go:2209.38,2211.4 1 0
open-btm.com/graph/generated.go:2212.3,2212.22 1 0
open-btm.com/graph/generated.go:2214.2,2216.109 3 0
open-btm.com/graph/generated.go:2219.164,2225.97 1 0
open-btm.com/graph/generated.go:2225.97,2226.22 1 0
open-btm.com/graph/generated.go:2227.14,2228.54 1 0
open-btm.com/graph/generated.go:2229.16,2230.56 1 0
open-btm.com/graph/generated.go:2231.23,2232.63 1 0
open-btm.com/graph/generated.go:2233.21,2234.61 1 0
open-btm.com/graph/generated.go:2236.4,2236.92 1 0
open-btm.com/graph/generated.go:2239.2,2239.15 1 0
open-btm.com/graph/generated.go:2239.15,2240.31 1 0
open-btm.com/graph/generated.go:2240.31,2243.4 2 0
open-btm.com/graph/generated.go:2245.2,2246.117 2 0
open-btm.com/graph/generated.go:2246.117,2249.3 2 0
open-btm.com/graph/generated.go:2250.2,2250.16 1 0
open-btm.com/graph/generated.go:2253.132,2255.16 2 0
open-btm.com/graph/generated.go:2255.16,2257.3 1 0
open-btm.com/graph/generated.go:2258.2,2259.15 2 0
open-btm.com/graph/generated.go:2259.15,2260.31 1 0
open-btm.com/graph/generated.go:2260.31,2263.4 2 0
open-btm.com/graph/generated.go:2265.2,2265.92 1 0
open-btm.com/graph/generated.go:2265.92,2268.3 2 0
open-btm.com/graph/generated.go:2269.2,2269.16 1 0
open-btm.com/graph/generated.go:2269.16,2272.3 2 0
open-btm.com/graph/generated.go:2273.2,2273.19 1 0
open-btm.com/graph/generated.go:2273.19,2274.38 1 0
open-btm.com/graph/generated.go:2274.38,2276.4 1 0
open-btm.com/graph/generated.go:2277.3,2277.22 1 0
open-btm.com/graph/generated.go:2279.2,2281.109 3 0
open-btm.com/graph/generated.go:2284.158,2290.97 1 0
open-btm.com/graph/generated.go:2290.97,2291.22 1 0
open-btm.com/graph/generated.go:2292.14,2293.54 1 0
open-btm.com/graph/generated.go:2294.16,2295.56 1 0
open-btm.com/graph/generated.go:2296.23,2297.63 1 0
open-btm.com/graph/generated.go:2298.21,2299.61 1 0
open-btm.com/graph/generated.go:2301.4,2301.92 1 0
open-btm.com/graph/generated.go:2304.2,2304.15 1 0
open-btm.com/graph/generated.go:2304.15,2305.31 1 0
open-btm.com/graph/generated.go:2305.31,2308.4 2 0
open-btm.com/graph/generated.go:2310.2,2311.111 2 0
open-btm.com/graph/generated.go:2311.111,2314.3 2 0
open-btm.com/graph/generated.go:2315.2,2315.16 1 0
open-btm.com/graph/generated.go:2318.132,2320.16 2 0
open-btm.com/graph/generated.go:2320.16,2322.3 1 0
open-btm.com/graph/generated.go:2323.2,2324.15 2 0
open-btm.com/graph/generated.go:2324.15,2325.31 1 0
open-btm.com/graph/generated.go:2325.31,2328.4 2 0
open-btm.com/graph/generated.go:2330.2,2330.92 1 0
open-btm.com/graph/generated.go:2330.92,2333.3 2 0
open-btm.com/graph/generated.go:2334.2,2334.16 1 0
open-btm.com/graph/generated.go:2334.16,2337.3 2 0
open-btm.com/graph/generated.go:2338.2,2338.19 1 0
open-btm.com/graph/generated.go:2338.19,2339.38 1 0
open-btm.com/graph/generated.go:2339.38,2341.4 1 0
open-btm.com/graph/generated.go:2342.3,2342.22 1 0
open-btm.com/graph/generated.go:2344.2,2346.109 3 0
open-btm.com/graph/generated.go:2349.158,2355.97 1 0
open-btm.com/graph/generated.go:2355.97,2356.22 1 0
open-btm.com/graph/generated.go:2357.14,2358.54 1 0
open-btm.com/graph/generated.go:2359.16,2360.56 1 0
open-btm.com/graph/generated.go:2361.23,2362.63 1 0
open-btm.com/graph/generated.go:2363.21,2364.61 1 0
open-btm.com/graph/generated.go:2366.4,2366.92 1 0
open-btm.com/graph/generated.go:2369.2,2369.15 1 0
open-btm.com/graph/generated.go:2369.15,2370.31 1 0
open-btm.com/graph/generated.go:2370.31,2373.4 2 0
open-btm.com/graph/generated.go:2375.2,2376.111 2 0
open-btm.com/graph/generated.go:2376.111,2379.3 2 0
open-btm.com/graph/generated.go:2380.2,2380.16 1 0
open-btm.com/graph/generated.go:2383.132,2385.16 2 0
open-btm.com/graph/generated.go:2385.16,2387.3 1 0
open-btm.com/graph/generated.go:2388.2,2389.15 2 0
open-btm.com/graph/generated.go:2389.15,2390.31 1 0
open-btm.com/graph/generated.go:2390.31,2393.4 2 0
open-btm.com/graph/generated.go:2395.2,2395.92 1 0
open-btm.com/graph/generated.go:2395.92,2398.3 2 0
open-btm.com/graph/generated.go:2399.2,2399.16 1 0
open-btm.com/graph/generated.go:2399.16,2402.3 2 0
open-btm.com/graph/generated.go:2403.2,2403.19 1 0
open-btm.com/graph/generated.go:2403.19,2404.38 1 0
open-btm.com/graph/generated.go:2404.38,2406.4 1 0
open-btm.com/graph/generated.go:2407.3,2407.22 1 0
open-btm.com/graph/generated.go:2409.2,2411.60 3 0
open-btm.com/graph/generated.go:2414.158,2420.97 1 0
open-btm.com/graph/generated.go:2420.97,2422.4 1 0
open-btm.com/graph/generated.go:2424.2,2424.15 1 0
open-btm.com/graph/generated.go:2424.15,2425.31 1 0
open-btm.com/graph/generated.go:2425.31,2428.4 2 0
open-btm.com/graph/generated.go:2430.2,2431.111 2 0
open-btm.com/graph/generated.go:2431.111,2434.3 2 0
open-btm.com/graph/generated.go:2435.2,2435.16 1 0
open-btm.com/graph/generated.go:2438.125,2440.16 2 0
open-btm.com/graph/generated.go:2440.16,2442.3 1 0
open-btm.com/graph/generated.go:2443.2,2444.15 2 0
open-btm.com/graph/generated.go:2444.15,2445.31 1 0
open-btm.com/graph/generated.go:2445.31,2448.4 2 0
open-btm.com/graph/generated.go:2450.2,2450.92 1 0
open-btm.com/graph/generated.go:2450.92,2453.3 2 0
open-btm.com/graph/generated.go:2454.2,2454.16 1 0
open-btm.com/graph/generated.go:2454.16,2457.3 2 0
open-btm.com/graph/generated.go:2458.2,2458.19 1 0
open-btm.com/graph/generated.go:2458.19,2459.38 1 0
open-btm.com/graph/generated.go:2459.38,2461.4 1 0
open-btm.com/graph/generated.go:2462.3,2462.22 1 0
open-btm.com/graph/generated.go:2464.2,2466.95 3 0
open-btm.com/graph/generated.go:2469.151,2475.97 1 0
open-btm.com/graph/generated.go:2475.97,2476.22 1 0
open-btm.com/graph/generated.go:2477.14,2478.47 1 0
open-btm.com/graph/generated.go:2479.16,2480.49 1 0
open-btm.com/graph/generated.go:2481.17,2482.50 1 0
open-btm.com/graph/generated.go:2483.27,2484.60 1 0
open-btm.com/graph/generated.go:2485.26,2486.59 1 0
open-btm.com/graph/generated.go:2488.4,2488.85 1 0
open-btm.com/graph/generated.go:2491.2,2491.15 1 0
open-btm.com/graph/generated.go:2491.15,2492.31 1 0
open-btm.com/graph/generated.go:2492.31,2495.4 2 0
open-btm.com/graph/generated.go:2497.2,2498.104 2 0
open-btm.com/graph/generated.go:2498.104,2501.3 2 0
open-btm.com/graph/generated.go:2502.2,2502.16 1 0
open-btm.com/graph/generated.go:2505.125,2507.16 2 0
open-btm.com/graph/generated.go:2507.16,2509.3 1 0
open-btm.com/graph/generated.go:2510.2,2511.15 2 0
open-btm.com/graph/generated.go:2511.15,2512.31 1 0
open-btm.com/graph/generated.go:2512.31,2515.4 2 0
open-btm.com/graph/generated.go:2517.2,2517.92 1 0
open-btm.com/graph/generated.go:2517.92,2520.3 2 0
open-btm.com/graph/generated.go:2521.2,2521.16 1 0
open-btm.com/graph/generated.go:2521.16,2524.3 2 0
open-btm.com/graph/generated.go:2525.2,2525.19 1 0
open-btm.com/graph/generated.go:2525.19,2526.38 1 0
open-btm.com/graph/generated.go:2526.38,2528.4 1 0
open-btm.com/graph/generated.go:2529.3,2529.22 1 0
open-btm.com/graph/generated.go:2531.2,2533.95 3 0
open-btm.com/graph/generated.go:2536.151,2542.97 1 0
open-btm.com/graph/generated.go:2542.97,2543.22 1 0
open-btm.com/graph/generated.go:2544.14,2545.47 1 0
open-btm.com/graph/generated.go:2546.16,2547.49 1 0
open-btm.com/graph/generated.go:2548.17,2549.50 1 0
open-btm.com/graph/generated.go:2550.27,2551.60 1 0
open-btm.com/graph/generated.go:2552.26,2553.59 1 0
open-btm.com/graph/generated.go:2555.4,2555.85 1 0
open-btm.com/graph/generated.go:2558.2,2558.15 1 0
open-btm.com/graph/generated.go:2558.15,2559.31 1 0
open-btm.com/graph/generated.go:2559.31,2562.4 2 0
open-btm.com/graph/generated.go:2564.2,2565.104 2 0
open-btm.com/graph/generated.go:2565.104,2568.3 2 0
open-btm.com/graph/generated.go:2569.2,2569.16 1 0
open-btm.com/graph/generated.go:2572.125,2574.16 2 0
open-btm.com/graph/generated.go:2574.16,2576.3 1 0
open-btm.com/graph/generated.go:2577.2,2578.15 2 0
open-btm.com/graph/generated.go:2578.15,2579.31 1 0
open-btm.com/graph/generated.go:2579.31,2582.4 2 0
open-btm.com/graph/generated.go:2584.2,2584.92 1 0
open-btm.com/graph/generated.go:2584.92,2587.3 2 0
open-btm.com/graph/generated.go:2588.2,2588.16 1 0
open-btm.com/graph/generated.go:2588.16,2591.3 2 0
open-btm.com/graph/generated.go:2592.2,2592.19 1 0
open-btm.com/graph/generated.go:2592.19,2593.38 1 0
open-btm.com/graph/generated.go:2593.38,2595.4 1 0
open-btm.com/graph/generated.go:2596.3,2596.22 1 0
open-btm.com/graph/generated.go:2598.2,2600.60 3 0
open-btm.com/graph/generated.go:2603.151,2609.97 1 0
open-btm.com/graph/generated.go:2609.97,2611.4 1 0
open-btm.com/graph/generated.go:2613.2,2613.15 1 0
open-btm.com/graph/generated.go:2613.15,2614.31 1 0
open-btm.com/graph/generated.go:2614.31,2617.4 2 0
open-btm.com/graph/generated.go:2619.2,2620.104 2 0
open-btm.com/graph/generated.go:2620.104,2623.3 2 0
open-btm.com/graph/generated.go:2624.2,2624.16 1 0
open-btm.com/graph/generated.go:2627.128,2629.16 2 0
open-btm.com/graph/generated.go:2629.16,2631.3 1 0
open-btm.com/graph/generated.go:2632.2,2633.15 2 0
open-btm.com/graph/generated.go:2633.15,2634.31 1 0
open-btm.com/graph/generated.go:2634.31,2637.4 2 0
open-btm.com/graph/generated.go:2639.2,2639.92 1 0
open-btm.com/graph/generated.go:2639.92,2642.3 2 0
open-btm.com/graph/generated.go:2643.2,2643.16 1 0
open-btm.com/graph/generated.go:2643.16,2646.3 2 0
open-btm.com/graph/generated.go:2647.2,2647.19 1 0
open-btm.com/graph/generated.go:2647.19,2648.38 1 0
open-btm.com/graph/generated.go:2648.38,2650.4 1 0
open-btm.com/graph/generated.go:2651.3,2651.22 1 0
open-btm.com/graph/generated.go:2653.2,2655.101 3 0
open-btm.com/graph/generated.go:2658.154,2664.97 1 0
open-btm.com/graph/generated.go:2664.97,2665.22 1 0
open-btm.com/graph/generated.go:2666.14,2667.50 1 0
open-btm.com/graph/generated.go:2668.16,2669.52 1 0
open-btm.com/graph/generated.go:2670.23,2671.59 1 0
open-btm.com/graph/generated.go:2673.4,2673.88 1 0
open-btm.com/graph/generated.go:2676.2,2676.15 1 0
open-btm.com/graph/generated.go:2676.15,2677.31 1 0
open-btm.com/graph/generated.go:2677.31,2680.4 2 0
open-btm.com/graph/generated.go:2682.2,2683.107 2 0
open-btm.com/graph/generated.go:2683.107,2686.3 2 0
open-btm.com/graph/generated.go:2687.2,2687.16 1 0
open-btm.com/graph/generated.go:2690.128,2692.16 2 0
open-btm.com/graph/generated.go:2692.16,2694.3 1 0
open-btm.com/graph/generated.go:2695.2,2696.15 2 0
open-btm.com/graph/generated.go:2696.15,2697.31 1 0
open-btm.com/graph/generated.go:2697.31,2700.4 2 0
open-btm.com/graph/generated.go:2702.2,2702.92 1 0
open-btm.com/graph/generated.go:2702.92,2705.3 2 0
open-btm.com/graph/generated.go:2706.2,2706.16 1 0
open-btm.com/graph/generated.go:2706.16,2709.3 2 0
open-btm.com/graph/generated.go:2710.2,2710.19 1 0
open-btm.com/graph/generated.go:2710.19,2711.38 1 0
open-btm.com/graph/generated.go:2711.38,2713.4 1 0
open-btm.com/graph/generated.go:2714.3,2714.22 1 0
open-btm.com/graph/generated.go:2716.2,2718.101 3 0
open-btm.com/graph/generated.go:2721.154,2727.97 1 0
open-btm.com/graph/generated.go:2727.97,2728.22 1 0
open-btm.com/graph/generated.go:2729.14,2730.50 1 0
open-btm.com/graph/generated.go:2731.16,2732.52 1 0
open-btm.com/graph/generated.go:2733.23,2734.59 1 0
open-btm.com/graph/generated.go:2736.4,2736.88 1 0
open-btm.com/graph/generated.go:2739.2,2739.15 1 0
open-btm.com/graph/generated.go:2739.15,2740.31 1 0
open-btm.com/graph/generated.go:2740.31,2743.4 2 0
open-btm.com/graph/generated.go:2745.2,2746.107 2 0
open-btm.com/graph/generated.go:2746.107,2749.3 2 0
open-btm.com/graph/generated.go:2750.2,2750.16 1 0
open-btm.com/graph/generated.go:2753.128,2755.16 2 0
open-btm.com/graph/generated.go:2755.16,2757.3 1 0
open-btm.com/graph/generated.go:2758.2,2759.15 2 0
open-btm.com/graph/generated.go:2759.15,2760.31 1 0
open-btm.com/graph/generated.go:2760.31,2763.4 2 0
open-btm.com/graph/generated.go:2765.2,2765.92 1 0
open-btm.com/graph/generated.go:2765.92,2768.3 2 0
open-btm.com/graph/generated.go:2769.2,2769.16 1 0
open-btm.com/graph/generated.go:2769.16,2772.3 2 0
open-btm.com/graph/generated.go:2773.2,2773.19 1 0
open-btm.com/graph/generated.go:2773.19,2774.38 1 0
open-btm.com/graph/generated.go:2774.38,2776.4 1 0
open-btm.com/graph/generated.go:2777.3,2777.22 1 0
open-btm.com/graph/generated.go:2779.2,2781.60 3 0
open-btm.com/graph/generated.go:2784.154,2790.97 1 0
open-btm.com/graph/generated.go:2790.97,2792.4 1 0
open-btm.com/graph/generated.go:2794.2,2794.15 1 0
open-btm.com/graph/generated.go:2794.15,2795.31 1 0
open-btm.com/graph/generated.go:2795.31,2798.4 2 0
open-btm.com/graph/generated.go:2800.2,2801.107 2 0
open-btm.com/graph/generated.go:2801.107,2804.3 2 0
open-btm.com/graph/generated.go:2805.2,2805.16 1 0
open-btm.com/graph/generated.go:2808.132,2810.16 2 0
open-btm.com/graph/generated.go:2810.16,2812.3 1 0
open-btm.com/graph/generated.go:2813.2,2814.15 2 0
open-btm.com/graph/generated.go:2814.15,2815.31 1 0
open-btm.com/graph/generated.go:2815.31,2818.4 2 0
open-btm.com/graph/generated.go:2820.2,2820.92 1 0
open-btm.com/graph/generated.go:2820.92,2823.3 2 0
open-btm.com/graph/generated.go:2824.2,2824.16 1 0
open-btm.com/graph/generated.go:2824.16,2827.3 2 0
open-btm.com/graph/generated.go:2828.2,2828.19 1 0
open-btm.com/graph/generated.go:2828.19,2829.38 1 0
open-btm.com/graph/generated.go:2829.38,2831.4 1 0
open-btm.com/graph/generated.go:2832.3,2832.22 1 0
open-btm.com/graph/generated.go:2834.2,2836.95 3 0
open-btm.com/graph/generated.go:2839.158,2845.97 1 0
open-btm.com/graph/generated.go:2845.97,2846.22 1 0
open-btm.com/graph/generated.go:2847.14,2848.47 1 0
open-btm.com/graph/generated.go:2849.16,2850.49 1 0
open-btm.com/graph/generated.go:2851.17,2852.50 1 0
open-btm.com/graph/generated.go:2853.27,2854.60 1 0
open-btm.com/graph/generated.go:2855.26,2856.59 1 0
open-btm.com/graph/generated.go:2858.4,2858.85 1 0
open-btm.com/graph/generated.go:2861.2,2861.15 1 0
open-btm.com/graph/generated.go:2861.15,2862.31 1 0
open-btm.com/graph/generated.go:2862.31,2865.4 2 0
open-btm.com/graph/generated.go:2867.2,2868.111 2 0
open-btm.com/graph/generated.go:2868.111,2871.3 2 0
open-btm.com/graph/generated.go:2872.2,2872.16 1 0
open-btm.com/graph/generated.go:2875.132,2877.16 2 0
open-btm.com/graph/generated.go:2877.16,2879.3 1 0
open-btm.com/graph/generated.go:2880.2,2881.15 2 0
open-btm.com/graph/generated.go:2881.15,2882.31 1 0
open-btm.com/graph/generated.go:2882.31,2885.4 2 0
open-btm.com/graph/generated.go:2887.2,2887.92 1 0
open-btm.com/graph/generated.go:2887.92,2890.3 2 0
open-btm.com/graph/generated.go:2891.2,2891.16 1 0
open-btm.com/graph/generated.go:2891.16,2894.3 2 0
open-btm.com/graph/generated.go:2895.2,2895.19 1 0
open-btm.com/graph/generated.go:2895.19,2896.38 1 0
open-btm.com/graph/generated.go:2896.38,2898.4 1 0
open-btm.com/graph/generated.go:2899.3,2899.22 1 0
open-btm.com/graph/generated.go:2901.2,2903.95 3 0
open-btm.com/graph/generated.go:2906.158,2912.97 1 0
open-btm.com/graph/generated.go:2912.97,2913.22 1 0
open-btm.com/graph/generated.go:2914.14,2915.47 1 0
open-btm.com/graph/generated.go:2916.16,2917.49 1 0
open-btm.com/graph/generated.go:2918.17,2919.50 1 0
open-btm.com/graph/generated.go:2920.27,2921.60 1 0
open-btm.com/graph/generated.go:2922.26,2923.59 1 0
open-btm.com/graph/generated.go:2925.4,2925.85 1 0
open-btm.com/graph/generated.go:2928.2,2928.15 1 0
open-btm.com/graph/generated.go:2928.15,2929.31 1 0
open-btm.com/graph/generated.go:2929.31,2932.4 2 0
open-btm.com/graph/generated.go:2934.2,2935.111 2 0
open-btm.com/graph/generated.go:2935.111,2938.3 2 0
open-btm.com/graph/generated.go:2939.2,2939.16 1 0
open-btm.com/graph/generated.go:2942.132,2944.16 2 0
open-btm.com/graph/generated.go:2944.16,2946.3 1 0
open-btm.com/graph/generated.go:2947.2,2948.15 2 0
open-btm.com/graph/generated.go:2948.15,2949.31 1 0
open-btm.com/graph/generated.go:2949.31,2952.4 2 0
open-btm.com/graph/generated.go:2954.2,2954.92 1 0
open-btm.com/graph/generated.go:2954.92,2957.3 2 0
open-btm.com/graph/generated.go:2958.2,2958.16 1 0
open-btm.com/graph/generated.go:2958.16,2961.3 2 0
open-btm.com/graph/generated.go:2962.2,2962.19 1 0
open-btm.com/graph/generated.go:2962.19,2963.38 1 0
open-btm.com/graph/generated.go:2963.38,2965.4 1 0
open-btm.com/graph/generated.go:2966.3,2966.22 1 0
open-btm.com/graph/generated.go:2968.2,2970.109 3 0
open-btm.com/graph/generated.go:2973.158,2979.97 1 0
open-btm.com/graph/generated.go:2979.97,2980.22 1 0
open-btm.com/graph/generated.go:2981.14,2982.54 1 0
open-btm.com/graph/generated.go:2983.19,2984.59 1 0
open-btm.com/graph/generated.go:2985.22,2986.62 1 0
open-btm.com/graph/generated.go:2987.22,2988.62 1 0
open-btm.com/graph/generated.go:2989.15,2990.55 1 0
open-btm.com/graph/generated.go:2991.21,2992.61 1 0
open-btm.com/graph/generated.go:2994.4,2994.92 1 0
open-btm.com/graph/generated.go:2997.2,2997.15 1 0
open-btm.com/graph/generated.go:2997.15,2998.31 1 0
open-btm.com/graph/generated.go:2998.31,3001.4 2 0
open-btm.com/graph/generated.go:3003.2,3004.111 2 0
open-btm.com/graph/generated.go:3004.111,3007.3 2 0
open-btm.com/graph/generated.go:3008.2,3008.16 1 0
open-btm.com/graph/generated.go:3011.137,3013.16 2 0
open-btm.com/graph/generated.go:3013.16,3015.3 1 0
open-btm.com/graph/generated.go:3016.2,3017.15 2 0
open-btm.com/graph/generated.go:3017.15,3018.31 1 0
open-btm.com/graph/generated.go:3018.31,3021.4 2 0
open-btm.com/graph/generated.go:3023.2,3023.92 1 0
open-btm.com/graph/generated.go:3023.92,3026.3 2 0
open-btm.com/graph/generated.go:3027.2,3027.16 1 0
open-btm.com/graph/generated.go:3027.16,3030.3 2 0
open-btm.com/graph/generated.go:3031.2,3031.19 1 0
open-btm.com/graph/generated.go:3031.19,3032.38 1 0
open-btm.com/graph/generated.go:3032.38,3034.4 1 0
open-btm.com/graph/generated.go:3035.3,3035.22 1 0
open-btm.com/graph/generated.go:3037.2,3039.97 3 0
open-btm.com/graph/generated.go:3042.163,3048.97 1 0
open-btm.com/graph/generated.go:3048.97,3049.22 1 0
open-btm.com/graph/generated.go:3050.14,3051.48 1 0
open-btm.com/graph/generated.go:3052.22,3053.56 1 0
open-btm.com/graph/generated.go:3054.24,3055.58 1 0
open-btm.com/graph/generated.go:3056.29,3057.63 1 0
open-btm.com/graph/generated.go:3059.4,3059.86 1 0
open-btm.com/graph/generated.go:3062.2,3062.15 1 0
open-btm.com/graph/generated.go:3062.15,3063.31 1 0
open-btm.com/graph/generated.go:3063.31,3066.4 2 0
open-btm.com/graph/generated.go:3068.2,3069.116 2 0
open-btm.com/graph/generated.go:3069.116,3072.3 2 0
open-btm.com/graph/generated.go:3073.2,3073.16 1 0
open-btm.com/graph/generated.go:3076.137,3078.16 2 0
open-btm.com/graph/generated.go:3078.16,3080.3 1 0
open-btm.com/graph/generated.go:3081.2,3082.15 2 0
open-btm.com/graph/generated.go:3082.15,3083.31 1 0
open-btm.com/graph/generated.go:3083.31,3086.4 2 0
open-btm.com/graph/generated.go:3088.2,3088.92 1 0
open-btm.com/graph/generated.go:3088.92,3091.3 2 0
open-btm.com/graph/generated.go:3092.2,3092.16 1 0
open-btm.com/graph/generated.go:3092.16,3095.3 2 0
open-btm.com/graph/generated.go:3096.2,3096.19 1 0
open-btm.com/graph/generated.go:3096.19,3097.38 1 0
open-btm.com/graph/generated.go:3097.38,3099.4 1 0
open-btm.com/graph/generated.go:3100.3,3100.22 1 0
open-btm.com/graph/generated.go:3102.2,3104.97 3 0
open-btm.com/graph/generated.go:3107.163,3113.97 1 0
open-btm.com/graph/generated.go:3113.97,3114.22 1 0
open-btm.com/graph/generated.go:3115.14,3116.48 1 0
open-btm.com/graph/generated.go:3117.22,3118.56 1 0
open-btm.com/graph/generated.go:3119.24,3120.58 1 0
open-btm.com/graph/generated.go:3121.29,3122.63 1 0
open-btm.com/graph/generated.go:3124.4,3124.86 1 0
open-btm.com/graph/generated.go:3127.2,3127.15 1 0
open-btm.com/graph/generated.go:3127.15,3128.31 1 0
open-btm.com/graph/generated.go:3128.31,3131.4 2 0
open-btm.com/graph/generated.go:3133.2,3134.116 2 0
open-btm.com/graph/generated.go:3134.116,3137.3 2 0
open-btm.com/graph/generated.go:3138.2,3138.16 1 0
open-btm.com/graph/generated.go:3141.126,3143.16 2 0
open-btm.com/graph/generated.go:3143.16,3145.3 1 0
open-btm.com/graph/generated.go:3146.2,3147.15 2 0
open-btm.com/graph/generated.go:3147.15,3148.31 1 0
open-btm.com/graph/generated.go:3148.31,3151.4 2 0
open-btm.com/graph/generated.go:3153.2,3153.92 1 0
open-btm.com/graph/generated.go:3153.92,3156.3 2 0
open-btm.com/graph/generated.go:3157.2,3157.16 1 0
open-btm.com/graph/generated.go:3157.16,3160.3 2 0
open-btm.com/graph/generated.go:3161.2,3161.19 1 0
open-btm.com/graph/generated.go:3161.19,3162.38 1 0
open-btm.com/graph/generated.go:3162.38,3164.4 1 0
open-btm.com/graph/generated.go:3165.3,3165.22 1 0
open-btm.com/graph/generated.go:3167.2,3169.97 3 0
open-btm.com/graph/generated.go:3172.152,3178.97 1 0
open-btm.com/graph/generated.go:3178.97,3179.22 1 0
open-btm.com/graph/generated.go:3180.14,3181.48 1 0
open-btm.com/graph/generated.go:3182.22,3183.56 1 0
open-btm.com/graph/generated.go:3184.24,3185.58 1 0
open-btm.com/graph/generated.go:3186.29,3187.63 1 0
open-btm.com/graph/generated.go:3189.4,3189.86 1 0
open-btm.com/graph/generated.go:3192.2,3192.15 1 0
open-btm.com/graph/generated.go:3192.15,3193.31 1 0
open-btm.com/graph/generated.go:3193.31,3196.4 2 0
open-btm.com/graph/generated.go:3198.2,3199.105 2 0
open-btm.com/graph/generated.go:3199.105,3202.3 2 0
open-btm.com/graph/generated.go:3203.2,3203.16 1 0
open-btm.com/graph/generated.go:3206.126,3208.16 2 0
open-btm.com/graph/generated.go:3208.16,3210.3 1 0
open-btm.com/graph/generated.go:3211.2,3212.15 2 0
open-btm.com/graph/generated.go:3212.15,3213.31 1 0
open-btm.com/graph/generated.go:3213.31,3216.4 2 0
open-btm.com/graph/generated.go:3218.2,3218.92 1 0
open-btm.com/graph/generated.go:3218.92,3221.3 2 0
open-btm.com/graph/generated.go:3222.2,3222.16 1 0
open-btm.com/graph/generated.go:3222.16,3225.3 2 0
open-btm.com/graph/generated.go:3226.2,3226.19 1 0
open-btm.com/graph/generated.go:3226.19,3227.38 1 0
open-btm.com/graph/generated.go:3227.38,3229.4 1 0
open-btm.com/graph/generated.go:3230.3,3230.22 1 0
open-btm.com/graph/generated.go:3232.2,3234.97 3 0
open-btm.com/graph/generated.go:3237.152,3243.97 1 0
open-btm.com/graph/generated.go:3243.97,3244.22 1 0
open-btm.com/graph/generated.go:3245.14,3246.48 1 0
open-btm.com/graph/generated.go:3247.22,3248.56 1 0
open-btm.com/graph/generated.go:3249.24,3250.58 1 0
open-btm.com/graph/generated.go:3251.29,3252.63 1 0
open-btm.com/graph/generated.go:3254.4,3254.86 1 0
open-btm.com/graph/generated.go:3257.2,3257.15 1 0
open-btm.com/graph/generated.go:3257.15,3258.31 1 0
open-btm.com/graph/generated.go:3258.31,3261.4 2 0
open-btm.com/graph/generated.go:3263.2,3264.105 2 0
open-btm.com/graph/generated.go:3264.105,3267.3 2 0
open-btm.com/graph/generated.go:3268.2,3268.16 1 0
open-btm.com/graph/generated.go:3271.126,3273.16 2 0
open-btm.com/graph/generated.go:3273.16,3275.3 1 0
open-btm.com/graph/generated.go:3276.2,3277.15 2 0
open-btm.com/graph/generated.go:3277.15,3278.31 1 0
open-btm.com/graph/generated.go:3278.31,3281.4 2 0
open-btm.com/graph/generated.go:3283.2,3283.92 1 0
open-btm.com/graph/generated.go:3283.92,3286.3 2 0
open-btm.com/graph/generated.go:3287.2,3287.16 1 0
open-btm.com/graph/generated.go:3287.16,3290.3 2 0
open-btm.com/graph/generated.go:3291.2,3291.19 1 0
open-btm.com/graph/generated.go:3291.19,3292.38 1 0
open-btm.com/graph/generated.go:3292.38,3294.4 1 0
open-btm.com/graph/generated.go:3295.3,3295.22 1 0
open-btm.com/graph/generated.go:3297.2,3299.60 3 0
open-btm.com/graph/generated.go:3302.152,3308.97 1 0
open-btm.com/graph/generated.go:3308.97,3310.4 1 0
open-btm.com/graph/generated.go:3312.2,3312.15 1 0
open-btm.com/graph/generated.go:3312.15,3313.31 1 0
open-btm.com/graph/generated.go:3313.31,3316.4 2 0
open-btm.com/graph/generated.go:3318.2,3319.105 2 0
open-btm.com/graph/generated.go:3319.105,3322.3 2 0
open-btm.com/graph/generated.go:3323.2,3323.16 1 0
open-btm.com/graph/generated.go:3326.119,3328.16 2 0
open-btm.com/graph/generated.go:3328.16,3330.3 1 0
open-btm.com/graph/generated.go:3331.2,3332.15 2 0
open-btm.com/graph/generated.go:3332.15,3333.31 1 0
open-btm.com/graph/generated.go:3333.31,3336.4 2 0
open-btm.com/graph/generated.go:3338.2,3338.92 1 0
open-btm.com/graph/generated.go:3338.92,3341.3 2 0
open-btm.com/graph/generated.go:3342.2,3342.16 1 0
open-btm.com/graph/generated.go:3342.16,3345.3 2 0
open-btm.com/graph/generated.go:3346.2,3346.19 1 0
open-btm.com/graph/generated.go:3346.19,3347.38 1 0
open-btm.com/graph/generated.go:3347.38,3349.4 1 0
open-btm.com/graph/generated.go:3350.3,3350.22 1 0
open-btm.com/graph/generated.go:3352.2,3354.105 3 0
open-btm.com/graph/generated.go:3357.145,3363.97 1 0
open-btm.com/graph/generated.go:3363.97,3364.22 1 0
open-btm.com/graph/generated.go:3365.14,3366.49 1 0
open-btm.com/graph/generated.go:3367.16,3368.51 1 0
open-btm.com/graph/generated.go:3369.23,3370.58 1 0
open-btm.com/graph/generated.go:3372.4,3372.87 1 0
open-btm.com/graph/generated.go:3375.2,3375.15 1 0
open-btm.com/graph/generated.go:3375.15,3376.31 1 0
open-btm.com/graph/generated.go:3376.31,3379.4 2 0
[...]
open-btm.com/users/generated.go:5845.13,5847.3 1 0
open-btm.com/users/generated.go:5848.2,5848.19 1 0
open-btm.com/users/generated.go:5848.19,5855.20 4 0
open-btm.com/users/generated.go:5855.20,5856.17 1 0
open-btm.com/users/generated.go:5856.17,5857.33 1 0
open-btm.com/users/generated.go:5857.33,5860.6 2 0
open-btm.com/users/generated.go:5862.4,5862.15 1 0
open-btm.com/users/generated.go:5862.15,5864.5 1 0
open-btm.com/users/generated.go:5865.4,5865.93 1 0
open-btm.com/users/generated.go:5867.3,5867.13 1 0
open-btm.com/users/generated.go:5867.13,5869.4 1 0
open-btm.com/users/generated.go:5869.9,5871.4 1 0
open-btm.com/users/generated.go:5874.2,5876.24 2 0
open-btm.com/users/generated.go:5876.24,5877.24 1 0
open-btm.com/users/generated.go:5877.24,5879.4 1 0
open-btm.com/users/generated.go:5882.2,5882.12 1 0
open-btm.com/users/generated.go:5885.170,5886.14 1 1
open-btm.com/users/generated.go:5886.14,5887.64 1 0
open-btm.com/users/generated.go:5887.64,5889.4 1 0
open-btm.com/users/generated.go:5890.3,5890.22 1 0
open-btm.com/users/generated.go:5892.2,5892.33 1 1
open-btm.com/users/generated.go:5895.169,5899.13 4 0
open-btm.com/users/generated.go:5899.13,5901.3 1 0
open-btm.com/users/generated.go:5902.2,5902.19 1 0
open-btm.com/users/generated.go:5902.19,5909.20 4 0
open-btm.com/users/generated.go:5909.20,5910.17 1 0
open-btm.com/users/generated.go:5910.17,5911.33 1 0
open-btm.com/users/generated.go:5911.33,5914.6 2 0
open-btm.com/users/generated.go:5916.4,5916.15 1 0
open-btm.com/users/generated.go:5916.15,5918.5 1 0
open-btm.com/users/generated.go:5919.4,5919.87 1 0
open-btm.com/users/generated.go:5921.3,5921.13 1 0
open-btm.com/users/generated.go:5921.13,5923.4 1 0
open-btm.com/users/generated.go:5923.9,5925.4 1 0
open-btm.com/users/generated.go:5928.2,5930.24 2 0
open-btm.com/users/generated.go:5930.24,5931.24 1 0
open-btm.com/users/generated.go:5931.24,5933.4 1 0
open-btm.com/users/generated.go:5936.2,5936.12 1 0
open-btm.com/users/generated.go:5939.161,5940.14 1 0
open-btm.com/users/generated.go:5940.14,5941.64 1 0
open-btm.com/users/generated.go:5941.64,5943.4 1 0
open-btm.com/users/generated.go:5944.3,5944.22 1 0
open-btm.com/users/generated.go:5946.2,5946.30 1 0
open-btm.com/users/generated.go:5949.105,5952.2 2 1
open-btm.com/users/generated.go:5954.122,5956.25 2 1
open-btm.com/users/generated.go:5956.25,5957.64 1 0
open-btm.com/users/generated.go:5957.64,5959.4 1 0
open-btm.com/users/generated.go:5961.2,5961.12 1 1
open-btm.com/users/generated.go:5964.113,5966.14 2 0
open-btm.com/users/generated.go:5966.14,5968.3 1 0
open-btm.com/users/generated.go:5969.2,5971.24 3 0
open-btm.com/users/generated.go:5971.24,5974.17 3 0
open-btm.com/users/generated.go:5974.17,5976.4 1 0
open-btm.com/users/generated.go:5978.2,5978.17 1 0
open-btm.com/users/generated.go:5981.130,5983.19 2 0
open-btm.com/users/generated.go:5983.19,5985.3 1 0
open-btm.com/users/generated.go:5987.2,5987.24 1 0
open-btm.com/users/generated.go:5987.24,5988.24 1 0
open-btm.com/users/generated.go:5988.24,5990.4 1 0
open-btm.com/users/generated.go:5993.2,5993.12 1 0
open-btm.com/users/generated.go:5996.182,5999.2 2 0
open-btm.com/users/generated.go:6001.166,6003.2 1 0
open-btm.com/users/generated.go:6005.178,6009.13 4 0
open-btm.com/users/generated.go:6009.13,6011.3 1 0
open-btm.com/users/generated.go:6012.2,6012.19 1 0
open-btm.com/users/generated.go:6012.19,6019.20 4 0
open-btm.com/users/generated.go:6019.20,6020.17 1 0
open-btm.com/users/generated.go:6020.17,6021.33 1 0
open-btm.com/users/generated.go:6021.33,6024.6 2 0
open-btm.com/users/generated.go:6026.4,6026.15 1 0
open-btm.com/users/generated.go:6026.15,6028.5 1 0
open-btm.com/users/generated.go:6029.4,6029.93 1 0
open-btm.com/users/generated.go:6031.3,6031.13 1 0
open-btm.com/users/generated.go:6031.13,6033.4 1 0
open-btm.com/users/generated.go:6033.9,6035.4 1 0
open-btm.com/users/generated.go:6038.2,6040.24 2 0
open-btm.com/users/generated.go:6040.24,6041.24 1 0
open-btm.com/users/generated.go:6041.24,6043.4 1 0
open-btm.com/users/generated.go:6046.2,6046.12 1 0
open-btm.com/users/generated.go:6049.170,6050.14 1 0
open-btm.com/users/generated.go:6050.14,6051.64 1 0
open-btm.com/users/generated.go:6051.64,6053.4 1 0
open-btm.com/users/generated.go:6054.3,6054.22 1 0
open-btm.com/users/generated.go:6056.2,6056.33 1 0
open-btm.com/users/generated.go:6059.155,6062.2 2 0
open-btm.com/users/generated.go:6064.170,6067.2 2 0
open-btm.com/users/generated.go:6069.209,6071.2 1 0
open-btm.com/users/generated.go:6073.217,6077.13 4 0
open-btm.com/users/generated.go:6077.13,6079.3 1 0
open-btm.com/users/generated.go:6080.2,6080.19 1 0
open-btm.com/users/generated.go:6080.19,6087.20 4 0
open-btm.com/users/generated.go:6087.20,6088.17 1 0
open-btm.com/users/generated.go:6088.17,6089.33 1 0
open-btm.com/users/generated.go:6089.33,6092.6 2 0
open-btm.com/users/generated.go:6094.4,6094.15 1 0
open-btm.com/users/generated.go:6094.15,6096.5 1 0
open-btm.com/users/generated.go:6097.4,6097.123 1 0
open-btm.com/users/generated.go:6099.3,6099.13 1 0
open-btm.com/users/generated.go:6099.13,6101.4 1 0
open-btm.com/users/generated.go:6101.9,6103.4 1 0
open-btm.com/users/generated.go:6106.2,6108.24 2 0
open-btm.com/users/generated.go:6108.24,6109.24 1 0
open-btm.com/users/generated.go:6109.24,6111.4 1 0
open-btm.com/users/generated.go:6114.2,6114.12 1 0
open-btm.com/users/generated.go:6117.118,6120.2 2 0
open-btm.com/users/generated.go:6122.135,6124.25 2 0
open-btm.com/users/generated.go:6124.25,6125.64 1 0
open-btm.com/users/generated.go:6125.64,6127.4 1 0
open-btm.com/users/generated.go:6129.2,6129.12 1 0
open-btm.com/users/generated.go:6132.126,6134.14 2 0
open-btm.com/users/generated.go:6134.14,6136.3 1 0
open-btm.com/users/generated.go:6137.2,6139.24 3 0
open-btm.com/users/generated.go:6139.24,6142.17 3 0
open-btm.com/users/generated.go:6142.17,6144.4 1 0
open-btm.com/users/generated.go:6146.2,6146.17 1 0
open-btm.com/users/generated.go:6149.143,6153.13 4 0
open-btm.com/users/generated.go:6153.13,6155.3 1 0
open-btm.com/users/generated.go:6156.2,6156.19 1 0
open-btm.com/users/generated.go:6156.19,6163.20 4 0
open-btm.com/users/generated.go:6163.20,6164.17 1 0
open-btm.com/users/generated.go:6164.17,6165.33 1 0
open-btm.com/users/generated.go:6165.33,6168.6 2 0
open-btm.com/users/generated.go:6170.4,6170.15 1 0
open-btm.com/users/generated.go:6170.15,6172.5 1 0
open-btm.com/users/generated.go:6173.4,6173.66 1 0
open-btm.com/users/generated.go:6175.3,6175.13 1 0
open-btm.com/users/generated.go:6175.13,6177.4 1 0
open-btm.com/users/generated.go:6177.9,6179.4 1 0
open-btm.com/users/generated.go:6182.2,6184.24 2 0
open-btm.com/users/generated.go:6184.24,6185.24 1 0
open-btm.com/users/generated.go:6185.24,6187.4 1 0
open-btm.com/users/generated.go:6190.2,6190.12 1 0
open-btm.com/users/generated.go:6193.209,6195.2 1 0
open-btm.com/users/generated.go:6197.197,6199.2 1 0
open-btm.com/users/generated.go:6201.212,6203.2 1 0
open-btm.com/users/generated.go:6205.220,6209.13 4 0
open-btm.com/users/generated.go:6209.13,6211.3 1 0
open-btm.com/users/generated.go:6212.2,6212.19 1 0
open-btm.com/users/generated.go:6212.19,6219.20 4 0
open-btm.com/users/generated.go:6219.20,6220.17 1 0
open-btm.com/users/generated.go:6220.17,6221.33 1 0
open-btm.com/users/generated.go:6221.33,6224.6 2 0
open-btm.com/users/generated.go:6226.4,6226.15 1 0
open-btm.com/users/generated.go:6226.15,6228.5 1 0
open-btm.com/users/generated.go:6229.4,6229.125 1 0
open-btm.com/users/generated.go:6231.3,6231.13 1 0
open-btm.com/users/generated.go:6231.13,6233.4 1 0
open-btm.com/users/generated.go:6233.9,6235.4 1 0
open-btm.com/users/generated.go:6238.2,6240.24 2 0
open-btm.com/users/generated.go:6240.24,6241.24 1 0
open-btm.com/users/generated.go:6241.24,6243.4 1 0
open-btm.com/users/generated.go:6246.2,6246.12 1 0
open-btm.com/users/generated.go:6249.194,6251.2 1 0
open-btm.com/users/generated.go:6253.202,6257.13 4 0
open-btm.com/users/generated.go:6257.13,6259.3 1 0
open-btm.com/users/generated.go:6260.2,6260.19 1 0
open-btm.com/users/generated.go:6260.19,6267.20 4 0
open-btm.com/users/generated.go:6267.20,6268.17 1 0
open-btm.com/users/generated.go:6268.17,6269.33 1 0
open-btm.com/users/generated.go:6269.33,6272.6 2 0
open-btm.com/users/generated.go:6274.4,6274.15 1 0
open-btm.com/users/generated.go:6274.15,6276.5 1 0
open-btm.com/users/generated.go:6277.4,6277.113 1 0
open-btm.com/users/generated.go:6279.3,6279.13 1 0
open-btm.com/users/generated.go:6279.13,6281.4 1 0
open-btm.com/users/generated.go:6281.9,6283.4 1 0
open-btm.com/users/generated.go:6286.2,6288.24 2 0
open-btm.com/users/generated.go:6288.24,6289.24 1 0
open-btm.com/users/generated.go:6289.24,6291.4 1 0
open-btm.com/users/generated.go:6294.2,6294.12 1 0
open-btm.com/users/generated.go:6297.198,6298.14 1 0
open-btm.com/users/generated.go:6298.14,6299.64 1 0
open-btm.com/users/generated.go:6299.64,6301.4 1 0
open-btm.com/users/generated.go:6302.3,6302.22 1 0
open-btm.com/users/generated.go:6304.2,6304.32 1 0
open-btm.com/users/generated.go:6307.109,6310.2 2 0
open-btm.com/users/generated.go:6312.126,6314.25 2 0
open-btm.com/users/generated.go:6314.25,6315.64 1 0
open-btm.com/users/generated.go:6315.64,6317.4 1 0
open-btm.com/users/generated.go:6319.2,6319.12 1 0
open-btm.com/users/generated.go:6322.102,6325.2 2 0
open-btm.com/users/generated.go:6327.119,6330.2 2 0
open-btm.com/users/generated.go:6332.106,6333.14 1 0
open-btm.com/users/generated.go:6333.14,6335.3 1 0
open-btm.com/users/generated.go:6336.2,6337.44 2 0
open-btm.com/users/generated.go:6340.123,6341.14 1 0
open-btm.com/users/generated.go:6341.14,6343.3 1 0
open-btm.com/users/generated.go:6344.2,6345.12 2 0
open-btm.com/users/generated.go:6348.102,6349.14 1 0
open-btm.com/users/generated.go:6349.14,6351.3 1 0
open-btm.com/users/generated.go:6352.2,6353.44 2 0
open-btm.com/users/generated.go:6356.119,6357.14 1 0
open-btm.com/users/generated.go:6357.14,6359.3 1 0
open-btm.com/users/generated.go:6360.2,6361.12 2 0
open-btm.com/users/generated.go:6364.109,6365.14 1 0
open-btm.com/users/generated.go:6365.14,6367.3 1 0
open-btm.com/users/generated.go:6368.2,6369.44 2 0
open-btm.com/users/generated.go:6372.126,6373.14 1 0
open-btm.com/users/generated.go:6373.14,6375.3 1 0
open-btm.com/users/generated.go:6376.2,6377.12 2 0
open-btm.com/users/generated.go:6380.217,6381.14 1 0
open-btm.com/users/generated.go:6381.14,6383.3 1 0
open-btm.com/users/generated.go:6384.2,6387.13 4 0
open-btm.com/users/generated.go:6387.13,6389.3 1 0
open-btm.com/users/generated.go:6390.2,6390.19 1 0
open-btm.com/users/generated.go:6390.19,6397.20 4 0
open-btm.com/users/generated.go:6397.20,6398.17 1 0
open-btm.com/users/generated.go:6398.17,6399.33 1 0
open-btm.com/users/generated.go:6399.33,6402.6 2 0
open-btm.com/users/generated.go:6404.4,6404.15 1 0
open-btm.com/users/generated.go:6404.15,6406.5 1 0
open-btm.com/users/generated.go:6407.4,6407.123 1 0
open-btm.com/users/generated.go:6409.3,6409.13 1 0
open-btm.com/users/generated.go:6409.13,6411.4 1 0
open-btm.com/users/generated.go:6411.9,6413.4 1 0
open-btm.com/users/generated.go:6416.2,6418.24 2 0
open-btm.com/users/generated.go:6418.24,6419.24 1 0
open-btm.com/users/generated.go:6419.24,6421.4 1 0
open-btm.com/users/generated.go:6424.2,6424.12 1 0
open-btm.com/users/generated.go:6427.205,6428.14 1 0
open-btm.com/users/generated.go:6428.14,6430.3 1 0
open-btm.com/users/generated.go:6431.2,6434.13 4 0
open-btm.com/users/generated.go:6434.13,6436.3 1 0
open-btm.com/users/generated.go:6437.2,6437.19 1 0
open-btm.com/users/generated.go:6437.19,6444.20 4 0
open-btm.com/users/generated.go:6444.20,6445.17 1 0
open-btm.com/users/generated.go:6445.17,6446.33 1 0
open-btm.com/users/generated.go:6446.33,6449.6 2 0
open-btm.com/users/generated.go:6451.4,6451.15 1 0
open-btm.com/users/generated.go:6451.15,6453.5 1 0
open-btm.com/users/generated.go:6454.4,6454.115 1 0
open-btm.com/users/generated.go:6456.3,6456.13 1 0
open-btm.com/users/generated.go:6456.13,6458.4 1 0
open-btm.com/users/generated.go:6458.9,6460.4 1 0
open-btm.com/users/generated.go:6463.2,6465.24 2 0
open-btm.com/users/generated.go:6465.24,6466.24 1 0
open-btm.com/users/generated.go:6466.24,6468.4 1 0
open-btm.com/users/generated.go:6471.2,6471.12 1 0
open-btm.com/users/generated.go:6474.220,6475.14 1 0
open-btm.com/users/generated.go:6475.14,6477.3 1 0
open-btm.com/users/generated.go:6478.2,6481.13 4 0
open-btm.com/users/generated.go:6481.13,6483.3 1 0
open-btm.com/users/generated.go:6484.2,6484.19 1 0
open-btm.com/users/generated.go:6484.19,6491.20 4 0
open-btm.com/users/generated.go:6491.20,6492.17 1 0
open-btm.com/users/generated.go:6492.17,6493.33 1 0
open-btm.com/users/generated.go:6493.33,6496.6 2 0
open-btm.com/users/generated.go:6498.4,6498.15 1 0
open-btm.com/users/generated.go:6498.15,6500.5 1 0
open-btm.com/users/generated.go:6501.4,6501.125 1 0
open-btm.com/users/generated.go:6503.3,6503.13 1 0
open-btm.com/users/generated.go:6503.13,6505.4 1 0
open-btm.com/users/generated.go:6505.9,6507.4 1 0
open-btm.com/users/generated.go:6510.2,6512.24 2 0
open-btm.com/users/generated.go:6512.24,6513.24 1 0
open-btm.com/users/generated.go:6513.24,6515.4 1 0
open-btm.com/users/generated.go:6518.2,6518.12 1 0
open-btm.com/users/generated.go:6521.204,6522.14 1 0
open-btm.com/users/generated.go:6522.14,6524.3 1 0
open-btm.com/users/generated.go:6525.2,6525.34 1 0
open-btm.com/users/generated.go:6528.202,6529.14 1 0
open-btm.com/users/generated.go:6529.14,6531.3 1 0
open-btm.com/users/generated.go:6532.2,6535.13 4 0
open-btm.com/users/generated.go:6535.13,6537.3 1 0
open-btm.com/users/generated.go:6538.2,6538.19 1 0
open-btm.com/users/generated.go:6538.19,6545.20 4 0
open-btm.com/users/generated.go:6545.20,6546.17 1 0
open-btm.com/users/generated.go:6546.17,6547.33 1 0
open-btm.com/users/generated.go:6547.33,6550.6 2 0
open-btm.com/users/generated.go:6552.4,6552.15 1 0
open-btm.com/users/generated.go:6552.15,6554.5 1 0
open-btm.com/users/generated.go:6555.4,6555.113 1 0
open-btm.com/users/generated.go:6557.3,6557.13 1 0
open-btm.com/users/generated.go:6557.13,6559.4 1 0
open-btm.com/users/generated.go:6559.9,6561.4 1 0
open-btm.com/users/generated.go:6564.2,6566.24 2 0
open-btm.com/users/generated.go:6566.24,6567.24 1 0
open-btm.com/users/generated.go:6567.24,6569.4 1 0
open-btm.com/users/generated.go:6572.2,6572.12 1 0
open-btm.com/users/generated.go:6575.198,6576.14 1 0
open-btm.com/users/generated.go:6576.14,6578.3 1 0
open-btm.com/users/generated.go:6579.2,6579.32 1 0
open-btm.com/users/schema.resolvers.go:23.119,39.50 8 1
open-btm.com/users/schema.resolvers.go:39.50,42.3 2 0
open-btm.com/users/schema.resolvers.go:43.2,47.50 2 1
open-btm.com/users/schema.resolvers.go:47.50,49.17 2 0
open-btm.com/users/schema.resolvers.go:49.17,51.4 1 0
open-btm.com/users/schema.resolvers.go:54.2,56.70 2 1
open-btm.com/users/schema.resolvers.go:56.70,58.3 1 0
open-btm.com/users/schema.resolvers.go:60.2,60.28 1 1
open-btm.com/users/schema.resolvers.go:64.119,76.88 6 0
open-btm.com/users/schema.resolvers.go:76.88,78.3 1 0
open-btm.com/users/schema.resolvers.go:81.2,84.72 2 0
open-btm.com/users/schema.resolvers.go:84.72,87.3 2 0
open-btm.com/users/schema.resolvers.go:89.2,91.70 2 0
open-btm.com/users/schema.resolvers.go:91.70,93.3 1 0
open-btm.com/users/schema.resolvers.go:94.2,94.28 1 0
open-btm.com/users/schema.resolvers.go:98.86,107.88 5 0
open-btm.com/users/schema.resolvers.go:107.88,109.3 1 0
open-btm.com/users/schema.resolvers.go:112.2,115.50 2 0
open-btm.com/users/schema.resolvers.go:115.50,118.3 2 0
open-btm.com/users/schema.resolvers.go:120.2,122.18 2 0
open-btm.com/users/schema.resolvers.go:126.107,131.16 3 0
open-btm.com/users/schema.resolvers.go:131.16,134.3 2 0
open-btm.com/users/schema.resolvers.go:136.2,136.18 1 0
open-btm.com/users/schema.resolvers.go:140.115,145.16 3 0
open-btm.com/users/schema.resolvers.go:145.16,147.3 1 0
open-btm.com/users/schema.resolvers.go:149.2,149.20 1 0
open-btm.com/users/schema.resolvers.go:153.130,158.16 3 0
open-btm.com/users/schema.resolvers.go:158.16,160.3 1 0
open-btm.com/users/schema.resolvers.go:162.2,162.20 1 0
open-btm.com/users/schema.resolvers.go:166.83,171.16 3 0
open-btm.com/users/schema.resolvers.go:171.16,173.3 1 0
open-btm.com/users/schema.resolvers.go:175.2,175.20 1 0
open-btm.com/users/schema.resolvers.go:179.102,184.16 3 0
open-btm.com/users/schema.resolvers.go:184.16,186.3 1 0
open-btm.com/users/schema.resolvers.go:188.2,188.20 1 0
open-btm.com/users/schema.resolvers.go:192.105,197.16 3 0
open-btm.com/users/schema.resolvers.go:197.16,199.3 1 0
open-btm.com/users/schema.resolvers.go:201.2,201.20 1 0
open-btm.com/users/schema.resolvers.go:205.107,210.16 3 0
open-btm.com/users/schema.resolvers.go:210.16,212.3 1 0
open-btm.com/users/schema.resolvers.go:214.2,214.18 1 0
open-btm.com/users/schema.resolvers.go:218.107,224.103 4 0
open-btm.com/users/schema.resolvers.go:224.103,225.45 1 0
open-btm.com/users/schema.resolvers.go:225.45,227.4 1 0
open-btm.com/users/schema.resolvers.go:231.2,232.32 2 0
open-btm.com/users/schema.resolvers.go:232.32,234.3 1 0
open-btm.com/users/schema.resolvers.go:237.2,246.45 3 0
open-btm.com/users/schema.resolvers.go:246.45,249.3 2 0
open-btm.com/users/schema.resolvers.go:252.2,253.18 2 0
open-btm.com/users/schema.resolvers.go:257.110,263.32 4 0
open-btm.com/users/schema.resolvers.go:263.32,265.3 1 0
open-btm.com/users/schema.resolvers.go:268.2,272.135 3 0
open-btm.com/users/schema.resolvers.go:272.135,273.45 1 0
open-btm.com/users/schema.resolvers.go:273.45,275.4 1 0
open-btm.com/users/schema.resolvers.go:279.2,279.45 1 0
open-btm.com/users/schema.resolvers.go:279.45,282.3 2 0
open-btm.com/users/schema.resolvers.go:285.2,286.18 2 0
open-btm.com/users/schema.resolvers.go:290.113,295.16 3 0
open-btm.com/users/schema.resolvers.go:295.16,297.3 1 0
open-btm.com/users/schema.resolvers.go:299.2,303.21 2 0
open-btm.com/users/schema.resolvers.go:307.103,313.16 5 0
open-btm.com/users/schema.resolvers.go:313.16,315.3 1 0
open-btm.com/users/schema.resolvers.go:316.2,321.67 3 0
open-btm.com/users/schema.resolvers.go:321.67,323.3 1 0
open-btm.com/users/schema.resolvers.go:324.2,324.25 1 0
open-btm.com/users/schema.resolvers.go:328.87,335.156 5 0
open-btm.com/users/schema.resolvers.go:335.156,336.51 1 0
open-btm.com/users/schema.resolvers.go:336.51,338.4 1 0
open-btm.com/users/schema.resolvers.go:339.3,339.24 1 0
open-btm.com/users/schema.resolvers.go:344.2,344.67 1 0
open-btm.com/users/schema.resolvers.go:344.67,346.3 1 0
open-btm.com/users/schema.resolvers.go:348.2,348.26 1 0
open-btm.com/users/schema.resolvers.go:352.98,358.32 4 0
open-btm.com/users/schema.resolvers.go:358.32,360.3 1 0
open-btm.com/users/schema.resolvers.go:362.2,367.105 3 0
open-btm.com/users/schema.resolvers.go:367.105,369.3 1 0
open-btm.com/users/schema.resolvers.go:371.2,372.35 2 0
open-btm.com/users/schema.resolvers.go:372.35,375.3 2 0
open-btm.com/users/schema.resolvers.go:377.2,377.22 1 0
open-btm.com/users/schema.resolvers.go:381.75,386.16 3 0
open-btm.com/users/schema.resolvers.go:386.16,389.3 2 0
open-btm.com/users/schema.resolvers.go:391.2,392.29 2 0
open-btm.com/users/schema.resolvers.go:392.29,395.3 2 0
open-btm.com/users/schema.resolvers.go:396.2,396.22 1 0
open-btm.com/users/schema.resolvers.go:400.100,405.16 3 0
open-btm.com/users/schema.resolvers.go:405.16,407.3 1 0
open-btm.com/users/schema.resolvers.go:409.2,410.29 2 0
open-btm.com/users/schema.resolvers.go:410.29,413.3 2 0
open-btm.com/users/schema.resolvers.go:414.2,414.22 1 0
open-btm.com/users/schema.resolvers.go:418.84,423.16 3 0
open-btm.com/users/schema.resolvers.go:423.16,426.3 2 0
open-btm.com/users/schema.resolvers.go:428.2,428.18 1 0
open-btm.com/users/schema.resolvers.go:432.48,432.79 1 1
open-btm.com/users/schema.resolvers.go:435.42,435.70 1 0
open-btm.com/users/schema.resolvers.go:446.101,447.67 1 0
open-btm.com/utils/utils.go:12.55,15.30 2 1
open-btm.com/utils/utils.go:15.30,18.3 2 1
open-btm.com/utils/utils.go:20.2,20.28 1 1
